<?xml version="1.0" encoding="UTF-8" ?>
<testsuites>
  <testsuite errors="0" failures="0" hostname="igskcicgltgm049.cr.usgs.gov" id="0" name="Ngaw2" package="org.opensha2.gmm" skipped="0" tests="2675" time="1.547" timestamp="2016-05-17T18:33:36">
      <properties>
[...]
</properties>

      <testcase classname="org.opensha2.gmm.Ngaw2" name="test[0: 0 Peak ground acceleration Abrahamson, Silva &amp; Kamai (2014)]" time="0.019" />

      <testcase classname="org.opensha2.gmm.Ngaw2" name="test[1: 1 Peak ground acceleration Abrahamson, Silva &amp; Kamai (2014)]" time="0.0" />

      <testcase classname="org.opensha2.gmm.Ngaw2" name="test[2: 2 Peak ground acceleration Abrahamson, Silva &amp; Kamai (2014)]" time="0.0" />

      <testcase classname="org.opensha2.gmm.Ngaw2" name="test[3: 3 Peak ground acceleration Abrahamson, Silva &amp; Kamai (2014)]" time="0.0" />

      <testcase classname="org.opensha2.gmm.Ngaw2" name="test[4: 4 Peak ground acceleration Abrahamson, Silva &amp; Kamai (2014)]" time="0.0" />

      <testcase classname="org.opensha2.gmm.Ngaw2" name="test[5: 5 Peak ground acceleration Abrahamson, Silva &amp; Kamai (2014)]" time="0.0" />

      <testcase classname="org.opensha2.gmm.Ngaw2" name="test[6: 6 Peak ground acceleration Abrahamson, Silva &amp; Kamai (2014)]" time="0.0" />

      <testcase classname="org.opensha2.gmm.Ngaw2" name="test[7: 7 Peak ground acceleration Abrahamson, Silva &amp; Kamai (2014)]" time="0.0" />

      <testcase classname="org.opensha2.gmm.Ngaw2" name="test[8: 8 Peak ground acceleration Abrahamson, Silva &amp; Kamai (2014)]" time="0.0" />

      <testcase classname="org.opensha2.gmm.Ngaw2" name="test[9: 9 Peak ground acceleration Abrahamson, Silva &amp; Kamai (2014)]" time="0.0" />

      <testcase classname="org.opensha2.gmm.Ngaw2" name="test[10: 10 Peak ground acceleration Abrahamson, Silva &amp; Kamai (2014)]" time="0.0" />

      <testcase classname="org.opensha2.gmm.Ngaw2" name="test[11: 11 Peak ground acceleration Abrahamson, Silva &amp; Kamai (2014)]" time="0.001" />

      <testcase classname="org.opensha2.gmm.Ngaw2" name="test[12: 12 Peak ground acceleration Abrahamson, Silva &amp; Kamai (2014)]" time="0.0" />

      <testcase classname="org.opensha2.gmm.Ngaw2" name="test[13: 13 Peak ground acceleration Abrahamson, Silva &amp; Kamai (2014)]" time="0.0" />

      <testcase classname="org.opensha2.gmm.Ngaw2" name="test[14: 14 Peak ground acceleration Abrahamson, Silva &amp; Kamai (2014)]" time="0.0" />

      <testcase classname="org.opensha2.gmm.Ngaw2" name="test[15: 15 Peak ground acceleration Abrahamson, Silva &amp; Kamai (2014)]" time="0.001" />

      <testcase classname="org.opensha2.gmm.Ngaw2" name="test[16: 16 Peak ground acceleration Abrahamson, Silva &amp; Kamai (2014)]" time="0.0" />

      <testcase classname="org.opensha2.gmm.Ngaw2" name="test[17: 17 Peak ground acceleration Abrahamson, Silva &amp; Kamai (2014)]" time="0.0" />

      <testcase classname="org.opensha2.gmm.Ngaw2" name="test[18: 18 Peak ground acceleration Abrahamson, Silva &amp; Kamai (2014)]" time="0.0" />

      <testcase classname="org.opensha2.gmm.Ngaw2" name="test[19: 19 Peak ground acceleration Abrahamson, Silva &amp; Kamai (2014)]" time="0.0" />

      <testcase classname="org.opensha2.gmm.Ngaw2" name="test[20: 20 Peak ground acceleration Abrahamson, Silva &amp; Kamai (2014)]" time="0.0" />

      <testcase classname="org.opensha2.gmm.Ngaw2" name="test[21: 21 Peak ground acceleration Abrahamson, Silva &amp; Kamai (2014)]" time="0.002" />

      <testcase classname="org.opensha2.gmm.Ngaw2" name="test[22: 22 Peak ground acceleration Abrahamson, Silva &amp; Kamai (2014)]" time="0.001" />

      <testcase classname="org.opensha2.gmm.Ngaw2" name="test[23: 23 Peak ground acceleration Abrahamson, Silva &amp; Kamai (2014)]" time="0.0" />

      <testcase classname="org.opensha2.gmm.Ngaw2" name="test[24: 24 Peak ground acceleration Abrahamson, Silva &amp; Kamai (2014)]" time="0.0" />

      <testcase classname="org.opensha2.gmm.Ngaw2" name="test[25: 25 Peak ground acceleration Abrahamson, Silva &amp; Kamai (2014)]" time="0.0" />

      <testcase classname="org.opensha2.gmm.Ngaw2" name="test[26: 26 Peak ground acceleration Abrahamson, Silva &amp; Kamai (2014)]" time="0.0" />

      <testcase classname="org.opensha2.gmm.Ngaw2" name="test[27: 27 Peak ground acceleration Abrahamson, Silva &amp; Kamai (2014)]" time="0.0" />

      <testcase classname="org.opensha2.gmm.Ngaw2" name="test[28: 28 Peak ground acceleration Abrahamson, Silva &amp; Kamai (2014)]" time="0.0" />

      <testcase classname="org.opensha2.gmm.Ngaw2" name="test[29: 29 Peak ground acceleration Abrahamson, Silva &amp; Kamai (2014)]" time="0.0" />

      <testcase classname="org.opensha2.gmm.Ngaw2" name="test[30: 30 Peak ground acceleration Abrahamson, Silva &amp; Kamai (2014)]" time="0.0" />

      <testcase classname="org.opensha2.gmm.Ngaw2" name="test[31: 31 Peak ground acceleration Abrahamson, Silva &amp; Kamai (2014)]" time="0.0" />

      <testcase classname="org.opensha2.gmm.Ngaw2" name="test[32: 32 Peak ground acceleration Abrahamson, Silva &amp; Kamai (2014)]" time="0.0" />

      <testcase classname="org.opensha2.gmm.Ngaw2" name="test[33: 33 Peak ground acceleration Abrahamson, Silva &amp; Kamai (2014)]" time="0.0" />

      <testcase classname="org.opensha2.gmm.Ngaw2" name="test[34: 34 Peak ground acceleration Abrahamson, Silva &amp; Kamai (2014)]" time="0.0" />

      <testcase classname="org.opensha2.gmm.Ngaw2" name="test[35: 35 Peak ground acceleration Abrahamson, Silva &amp; Kamai (2014)]" time="0.0" />

      <testcase classname="org.opensha2.gmm.Ngaw2" name="test[36: 36 Peak ground acceleration Abrahamson, Silva &amp; Kamai (2014)]" time="0.0" />

      <testcase classname="org.opensha2.gmm.Ngaw2" name="test[37: 37 Peak ground acceleration Abrahamson, Silva &amp; Kamai (2014)]" time="0.0" />

      <testcase classname="org.opensha2.gmm.Ngaw2" name="test[38: 38 Peak ground acceleration Abrahamson, Silva &amp; Kamai (2014)]" time="0.001" />

      <testcase classname="org.opensha2.gmm.Ngaw2" name="test[39: 39 Peak ground acceleration Abrahamson, Silva &amp; Kamai (2014)]" time="0.0" />

      <testcase classname="org.opensha2.gmm.Ngaw2" name="test[40: 40 Peak ground acceleration Abrahamson, Silva &amp; Kamai (2014)]" time="0.0" />

      <testcase classname="org.opensha2.gmm.Ngaw2" name="test[41: 41 Peak ground acceleration Abrahamson, Silva &amp; Kamai (2014)]" time="0.0" />

      <testcase classname="org.opensha2.gmm.Ngaw2" name="test[42: 42 Peak ground acceleration Abrahamson, Silva &amp; Kamai (2014)]" time="0.0" />

      <testcase classname="org.opensha2.gmm.Ngaw2" name="test[43: 43 Peak ground acceleration Abrahamson, Silva &amp; Kamai (2014)]" time="0.0" />

      <testcase classname="org.opensha2.gmm.Ngaw2" name="test[44: 44 Peak ground acceleration Abrahamson, Silva &amp; Kamai (2014)]" time="0.0" />

      <testcase classname="org.opensha2.gmm.Ngaw2" name="test[45: 45 Peak ground acceleration Abrahamson, Silva &amp; Kamai (2014)]" time="0.0" />

      <testcase classname="org.opensha2.gmm.Ngaw2" name="test[46: 46 Peak ground acceleration Abrahamson, Silva &amp; Kamai (2014)]" time="0.0" />

      <testcase classname="org.opensha2.gmm.Ngaw2" name="test[47: 47 Peak ground acceleration Abrahamson, Silva &amp; Kamai (2014)]" time="0.0" />

      <testcase classname="org.opensha2.gmm.Ngaw2" name="test[48: 48 Peak ground acceleration Abrahamson, Silva &amp; Kamai (2014)]" time="0.0" />

      <testcase classname="org.opensha2.gmm.Ngaw2" name="test[49: 49 Peak ground acceleration Abrahamson, Silva &amp; Kamai (2014)]" time="0.0" />

      <testcase classname="org.opensha2.gmm.Ngaw2" name="test[50: 50 Peak ground acceleration Abrahamson, Silva &amp; Kamai (2014)]" time="0.0" />

      <testcase classname="org.opensha2.gmm.Ngaw2" name="test[51: 51 Peak ground acceleration Abrahamson, Silva &amp; Kamai (2014)]" time="0.0" />

      <testcase classname="org.opensha2.gmm.Ngaw2" name="test[52: 52 Peak ground acceleration Abrahamson, Silva &amp; Kamai (2014)]" time="0.001" />

      <testcase classname="org.opensha2.gmm.Ngaw2" name="test[53: 53 Peak ground acceleration Abrahamson, Silva &amp; Kamai (2014)]" time="0.0" />

      <testcase classname="org.opensha2.gmm.Ngaw2" name="test[54: 54 Peak ground acceleration Abrahamson, Silva &amp; Kamai (2014)]" time="0.001" />

      <testcase classname="org.opensha2.gmm.Ngaw2" name="test[55: 55 Peak ground acceleration Abrahamson, Silva &amp; Kamai (2014)]" time="0.0" />

      <testcase classname="org.opensha2.gmm.Ngaw2" name="test[56: 56 Peak ground acceleration Abrahamson, Silva &amp; Kamai (2014)]" time="0.001" />

      <testcase classname="org.opensha2.gmm.Ngaw2" name="test[57: 57 Peak ground acceleration Abrahamson, Silva &amp; Kamai (2014)]" time="0.0" />

      <testcase classname="org.opensha2.gmm.Ngaw2" name="test[58: 58 Peak ground acceleration Abrahamson, Silva &amp; Kamai (2014)]" time="0.001" />

      <testcase classname="org.opensha2.gmm.Ngaw2" name="test[59: 59 Peak ground acceleration Abrahamson, Silva &amp; Kamai (2014)]" time="0.0" />

      <testcase classname="org.opensha2.gmm.Ngaw2" name="test[60: 60 Peak ground acceleration Abrahamson, Silva &amp; Kamai (2014)]" time="0.0" />

      <testcase classname="org.opensha2.gmm.Ngaw2" name="test[61: 61 Peak ground acceleration Abrahamson, Silva &amp; Kamai (2014)]" time="0.0" />

      <testcase classname="org.opensha2.gmm.Ngaw2" name="test[62: 62 Peak ground acceleration Abrahamson, Silva &amp; Kamai (2014)]" time="0.001" />

      <testcase classname="org.opensha2.gmm.Ngaw2" name="test[63: 63 Peak ground acceleration Abrahamson, Silva &amp; Kamai (2014)]" time="0.0" />

      <testcase classname="org.opensha2.gmm.Ngaw2" name="test[64: 64 Peak ground acceleration Abrahamson, Silva &amp; Kamai (2014)]" time="0.0" />

      <testcase classname="org.opensha2.gmm.Ngaw2" name="test[65: 65 Peak ground acceleration Abrahamson, Silva &amp; Kamai (2014)]" time="0.0" />

      <testcase classname="org.opensha2.gmm.Ngaw2" name="test[66: 66 Peak ground acceleration Abrahamson, Silva &amp; Kamai (2014)]" time="0.0" />

      <testcase classname="org.opensha2.gmm.Ngaw2" name="test[67: 67 Peak ground acceleration Abrahamson, Silva &amp; Kamai (2014)]" time="0.0" />

      <testcase classname="org.opensha2.gmm.Ngaw2" name="test[68: 68 Peak ground acceleration Abrahamson, Silva &amp; Kamai (2014)]" time="0.001" />

      <testcase classname="org.opensha2.gmm.Ngaw2" name="test[69: 69 Peak ground acceleration Abrahamson, Silva &amp; Kamai (2014)]" time="0.0" />

      <testcase classname="org.opensha2.gmm.Ngaw2" name="test[70: 70 Peak ground acceleration Abrahamson, Silva &amp; Kamai (2014)]" time="0.001" />

      <testcase classname="org.opensha2.gmm.Ngaw2" name="test[71: 71 Peak ground acceleration Abrahamson, Silva &amp; Kamai (2014)]" time="0.0" />

      <testcase classname="org.opensha2.gmm.Ngaw2" name="test[72: 72 Peak ground acceleration Abrahamson, Silva &amp; Kamai (2014)]" time="0.001" />

      <testcase classname="org.opensha2.gmm.Ngaw2" name="test[73: 73 Peak ground acceleration Abrahamson, Silva &amp; Kamai (2014)]" time="0.0" />

      <testcase classname="org.opensha2.gmm.Ngaw2" name="test[74: 74 Peak ground acceleration Abrahamson, Silva &amp; Kamai (2014)]" time="0.001" />

      <testcase classname="org.opensha2.gmm.Ngaw2" name="test[75: 75 Peak ground acceleration Abrahamson, Silva &amp; Kamai (2014)]" time="0.0" />

      <testcase classname="org.opensha2.gmm.Ngaw2" name="test[76: 76 Peak ground acceleration Abrahamson, Silva &amp; Kamai (2014)]" time="0.0" />

      <testcase classname="org.opensha2.gmm.Ngaw2" name="test[77: 77 Peak ground acceleration Abrahamson, Silva &amp; Kamai (2014)]" time="0.0" />

      <testcase classname="org.opensha2.gmm.Ngaw2" name="test[78: 78 Peak ground acceleration Abrahamson, Silva &amp; Kamai (2014)]" time="0.0" />

      <testcase classname="org.opensha2.gmm.Ngaw2" name="test[79: 79 Peak ground acceleration Abrahamson, Silva &amp; Kamai (2014)]" time="0.0" />

      <testcase classname="org.opensha2.gmm.Ngaw2" name="test[80: 80 Peak ground acceleration Abrahamson, Silva &amp; Kamai (2014)]" time="0.0" />

      <testcase classname="org.opensha2.gmm.Ngaw2" name="test[81: 81 Peak ground acceleration Abrahamson, Silva &amp; Kamai (2014)]" time="0.0" />

      <testcase classname="org.opensha2.gmm.Ngaw2" name="test[82: 82 Peak ground acceleration Abrahamson, Silva &amp; Kamai (2014)]" time="0.0" />

      <testcase classname="org.opensha2.gmm.Ngaw2" name="test[83: 83 Peak ground acceleration Abrahamson, Silva &amp; Kamai (2014)]" time="0.0" />

      <testcase classname="org.opensha2.gmm.Ngaw2" name="test[84: 84 Peak ground acceleration Abrahamson, Silva &amp; Kamai (2014)]" time="0.0" />

      <testcase classname="org.opensha2.gmm.Ngaw2" name="test[85: 85 Peak ground acceleration Abrahamson, Silva &amp; Kamai (2014)]" time="0.0" />

      <testcase classname="org.opensha2.gmm.Ngaw2" name="test[86: 86 Peak ground acceleration Abrahamson, Silva &amp; Kamai (2014)]" time="0.0" />

      <testcase classname="org.opensha2.gmm.Ngaw2" name="test[87: 87 Peak ground acceleration Abrahamson, Silva &amp; Kamai (2014)]" time="0.0" />

      <testcase classname="org.opensha2.gmm.Ngaw2" name="test[88: 88 Peak ground acceleration Abrahamson, Silva &amp; Kamai (2014)]" time="0.0" />

      <testcase classname="org.opensha2.gmm.Ngaw2" name="test[89: 89 Peak ground acceleration Abrahamson, Silva &amp; Kamai (2014)]" time="0.0" />

      <testcase classname="org.opensha2.gmm.Ngaw2" name="test[90: 90 Peak ground acceleration Abrahamson, Silva &amp; Kamai (2014)]" time="0.001" />

      <testcase classname="org.opensha2.gmm.Ngaw2" name="test[91: 91 Peak ground acceleration Abrahamson, Silva &amp; Kamai (2014)]" time="0.002" />

      <testcase classname="org.opensha2.gmm.Ngaw2" name="test[92: 92 Peak ground acceleration Abrahamson, Silva &amp; Kamai (2014)]" time="0.001" />

      <testcase classname="org.opensha2.gmm.Ngaw2" name="test[93: 93 Peak ground acceleration Abrahamson, Silva &amp; Kamai (2014)]" time="0.0" />

      <testcase classname="org.opensha2.gmm.Ngaw2" name="test[94: 94 Peak ground acceleration Abrahamson, Silva &amp; Kamai (2014)]" time="0.001" />

      <testcase classname="org.opensha2.gmm.Ngaw2" name="test[95: 95 Peak ground acceleration Abrahamson, Silva &amp; Kamai (2014)]" time="0.0" />

      <testcase classname="org.opensha2.gmm.Ngaw2" name="test[96: 96 Peak ground acceleration Abrahamson, Silva &amp; Kamai (2014)]" time="0.001" />

      <testcase classname="org.opensha2.gmm.Ngaw2" name="test[97: 97 Peak ground acceleration Abrahamson, Silva &amp; Kamai (2014)]" time="0.0" />

      <testcase classname="org.opensha2.gmm.Ngaw2" name="test[98: 98 Peak ground acceleration Abrahamson, Silva &amp; Kamai (2014)]" time="0.002" />

      <testcase classname="org.opensha2.gmm.Ngaw2" name="test[99: 99 Peak ground acceleration Abrahamson, Silva &amp; Kamai (2014)]" time="0.001" />

      <testcase classname="org.opensha2.gmm.Ngaw2" name="test[100: 100 Peak ground acceleration Abrahamson, Silva &amp; Kamai (2014)]" time="0.0" />

      <testcase classname="org.opensha2.gmm.Ngaw2" name="test[101: 101 Peak ground acceleration Abrahamson, Silva &amp; Kamai (2014)]" time="0.001" />

      <testcase classname="org.opensha2.gmm.Ngaw2" name="test[102: 102 Peak ground acceleration Abrahamson, Silva &amp; Kamai (2014)]" time="0.0" />

      <testcase classname="org.opensha2.gmm.Ngaw2" name="test[103: 103 Peak ground acceleration Abrahamson, Silva &amp; Kamai (2014)]" time="0.001" />

      <testcase classname="org.opensha2.gmm.Ngaw2" name="test[104: 104 Peak ground acceleration Abrahamson, Silva &amp; Kamai (2014)]" time="0.0" />

      <testcase classname="org.opensha2.gmm.Ngaw2" name="test[105: 105 Peak ground acceleration Abrahamson, Silva &amp; Kamai (2014)]" time="0.0" />

      <testcase classname="org.opensha2.gmm.Ngaw2" name="test[106: 106 Peak ground acceleration Abrahamson, Silva &amp; Kamai (2014)]" time="0.0" />

      <testcase classname="org.opensha2.gmm.Ngaw2" name="test[107: 0 0.02 sec spectral acceleration Abrahamson, Silva &amp; Kamai (2014)]" time="0.0" />

      <testcase classname="org.opensha2.gmm.Ngaw2" name="test[108: 1 0.02 sec spectral acceleration Abrahamson, Silva &amp; Kamai (2014)]" time="0.0" />

      <testcase classname="org.opensha2.gmm.Ngaw2" name="test[109: 2 0.02 sec spectral acceleration Abrahamson, Silva &amp; Kamai (2014)]" time="0.0" />

      <testcase classname="org.opensha2.gmm.Ngaw2" name="test[110: 3 0.02 sec spectral acceleration Abrahamson, Silva &amp; Kamai (2014)]" time="0.0" />

      <testcase classname="org.opensha2.gmm.Ngaw2" name="test[111: 4 0.02 sec spectral acceleration Abrahamson, Silva &amp; Kamai (2014)]" time="0.0" />

      <testcase classname="org.opensha2.gmm.Ngaw2" name="test[112: 5 0.02 sec spectral acceleration Abrahamson, Silva &amp; Kamai (2014)]" time="0.0" />

      <testcase classname="org.opensha2.gmm.Ngaw2" name="test[113: 6 0.02 sec spectral acceleration Abrahamson, Silva &amp; Kamai (2014)]" time="0.0" />

      <testcase classname="org.opensha2.gmm.Ngaw2" name="test[114: 7 0.02 sec spectral acceleration Abrahamson, Silva &amp; Kamai (2014)]" time="0.0" />

      <testcase classname="org.opensha2.gmm.Ngaw2" name="test[115: 8 0.02 sec spectral acceleration Abrahamson, Silva &amp; Kamai (2014)]" time="0.0" />

      <testcase classname="org.opensha2.gmm.Ngaw2" name="test[116: 9 0.02 sec spectral acceleration Abrahamson, Silva &amp; Kamai (2014)]" time="0.0" />

      <testcase classname="org.opensha2.gmm.Ngaw2" name="test[117: 10 0.02 sec spectral acceleration Abrahamson, Silva &amp; Kamai (2014)]" time="0.0" />

      <testcase classname="org.opensha2.gmm.Ngaw2" name="test[118: 11 0.02 sec spectral acceleration Abrahamson, Silva &amp; Kamai (2014)]" time="0.0" />

      <testcase classname="org.opensha2.gmm.Ngaw2" name="test[119: 12 0.02 sec spectral acceleration Abrahamson, Silva &amp; Kamai (2014)]" time="0.001" />

      <testcase classname="org.opensha2.gmm.Ngaw2" name="test[120: 13 0.02 sec spectral acceleration Abrahamson, Silva &amp; Kamai (2014)]" time="0.0" />

      <testcase classname="org.opensha2.gmm.Ngaw2" name="test[121: 14 0.02 sec spectral acceleration Abrahamson, Silva &amp; Kamai (2014)]" time="0.0" />

      <testcase classname="org.opensha2.gmm.Ngaw2" name="test[122: 15 0.02 sec spectral acceleration Abrahamson, Silva &amp; Kamai (2014)]" time="0.0" />

      <testcase classname="org.opensha2.gmm.Ngaw2" name="test[123: 16 0.02 sec spectral acceleration Abrahamson, Silva &amp; Kamai (2014)]" time="0.0" />

      <testcase classname="org.opensha2.gmm.Ngaw2" name="test[124: 17 0.02 sec spectral acceleration Abrahamson, Silva &amp; Kamai (2014)]" time="0.001" />

      <testcase classname="org.opensha2.gmm.Ngaw2" name="test[125: 18 0.02 sec spectral acceleration Abrahamson, Silva &amp; Kamai (2014)]" time="0.0" />

      <testcase classname="org.opensha2.gmm.Ngaw2" name="test[126: 19 0.02 sec spectral acceleration Abrahamson, Silva &amp; Kamai (2014)]" time="0.001" />

      <testcase classname="org.opensha2.gmm.Ngaw2" name="test[127: 20 0.02 sec spectral acceleration Abrahamson, Silva &amp; Kamai (2014)]" time="0.0" />

      <testcase classname="org.opensha2.gmm.Ngaw2" name="test[128: 21 0.02 sec spectral acceleration Abrahamson, Silva &amp; Kamai (2014)]" time="0.0" />

      <testcase classname="org.opensha2.gmm.Ngaw2" name="test[129: 22 0.02 sec spectral acceleration Abrahamson, Silva &amp; Kamai (2014)]" time="0.0" />

      <testcase classname="org.opensha2.gmm.Ngaw2" name="test[130: 23 0.02 sec spectral acceleration Abrahamson, Silva &amp; Kamai (2014)]" time="0.0" />

      <testcase classname="org.opensha2.gmm.Ngaw2" name="test[131: 24 0.02 sec spectral acceleration Abrahamson, Silva &amp; Kamai (2014)]" time="0.0" />

      <testcase classname="org.opensha2.gmm.Ngaw2" name="test[132: 25 0.02 sec spectral acceleration Abrahamson, Silva &amp; Kamai (2014)]" time="0.0" />

      <testcase classname="org.opensha2.gmm.Ngaw2" name="test[133: 26 0.02 sec spectral acceleration Abrahamson, Silva &amp; Kamai (2014)]" time="0.0" />

      <testcase classname="org.opensha2.gmm.Ngaw2" name="test[134: 27 0.02 sec spectral acceleration Abrahamson, Silva &amp; Kamai (2014)]" time="0.0" />

      <testcase classname="org.opensha2.gmm.Ngaw2" name="test[135: 28 0.02 sec spectral acceleration Abrahamson, Silva &amp; Kamai (2014)]" time="0.0" />

      <testcase classname="org.opensha2.gmm.Ngaw2" name="test[136: 29 0.02 sec spectral acceleration Abrahamson, Silva &amp; Kamai (2014)]" time="0.0" />

      <testcase classname="org.opensha2.gmm.Ngaw2" name="test[137: 30 0.02 sec spectral acceleration Abrahamson, Silva &amp; Kamai (2014)]" time="0.0" />

      <testcase classname="org.opensha2.gmm.Ngaw2" name="test[138: 31 0.02 sec spectral acceleration Abrahamson, Silva &amp; Kamai (2014)]" time="0.0" />

      <testcase classname="org.opensha2.gmm.Ngaw2" name="test[139: 32 0.02 sec spectral acceleration Abrahamson, Silva &amp; Kamai (2014)]" time="0.0" />

      <testcase classname="org.opensha2.gmm.Ngaw2" name="test[140: 33 0.02 sec spectral acceleration Abrahamson, Silva &amp; Kamai (2014)]" time="0.0" />

      <testcase classname="org.opensha2.gmm.Ngaw2" name="test[141: 34 0.02 sec spectral acceleration Abrahamson, Silva &amp; Kamai (2014)]" time="0.0" />

      <testcase classname="org.opensha2.gmm.Ngaw2" name="test[142: 35 0.02 sec spectral acceleration Abrahamson, Silva &amp; Kamai (2014)]" time="0.0" />

      <testcase classname="org.opensha2.gmm.Ngaw2" name="test[143: 36 0.02 sec spectral acceleration Abrahamson, Silva &amp; Kamai (2014)]" time="0.0" />

      <testcase classname="org.opensha2.gmm.Ngaw2" name="test[144: 37 0.02 sec spectral acceleration Abrahamson, Silva &amp; Kamai (2014)]" time="0.0" />

      <testcase classname="org.opensha2.gmm.Ngaw2" name="test[145: 38 0.02 sec spectral acceleration Abrahamson, Silva &amp; Kamai (2014)]" time="0.0" />

      <testcase classname="org.opensha2.gmm.Ngaw2" name="test[146: 39 0.02 sec spectral acceleration Abrahamson, Silva &amp; Kamai (2014)]" time="0.0" />

      <testcase classname="org.opensha2.gmm.Ngaw2" name="test[147: 40 0.02 sec spectral acceleration Abrahamson, Silva &amp; Kamai (2014)]" time="0.0" />

      <testcase classname="org.opensha2.gmm.Ngaw2" name="test[148: 41 0.02 sec spectral acceleration Abrahamson, Silva &amp; Kamai (2014)]" time="0.001" />

      <testcase classname="org.opensha2.gmm.Ngaw2" name="test[149: 42 0.02 sec spectral acceleration Abrahamson, Silva &amp; Kamai (2014)]" time="0.0" />

      <testcase classname="org.opensha2.gmm.Ngaw2" name="test[150: 43 0.02 sec spectral acceleration Abrahamson, Silva &amp; Kamai (2014)]" time="0.0" />

      <testcase classname="org.opensha2.gmm.Ngaw2" name="test[151: 44 0.02 sec spectral acceleration Abrahamson, Silva &amp; Kamai (2014)]" time="0.0" />

      <testcase classname="org.opensha2.gmm.Ngaw2" name="test[152: 45 0.02 sec spectral acceleration Abrahamson, Silva &amp; Kamai (2014)]" time="0.0" />

      <testcase classname="org.opensha2.gmm.Ngaw2" name="test[153: 46 0.02 sec spectral acceleration Abrahamson, Silva &amp; Kamai (2014)]" time="0.0" />

      <testcase classname="org.opensha2.gmm.Ngaw2" name="test[154: 47 0.02 sec spectral acceleration Abrahamson, Silva &amp; Kamai (2014)]" time="0.0" />

      <testcase classname="org.opensha2.gmm.Ngaw2" name="test[155: 48 0.02 sec spectral acceleration Abrahamson, Silva &amp; Kamai (2014)]" time="0.001" />

      <testcase classname="org.opensha2.gmm.Ngaw2" name="test[156: 49 0.02 sec spectral acceleration Abrahamson, Silva &amp; Kamai (2014)]" time="0.0" />

      <testcase classname="org.opensha2.gmm.Ngaw2" name="test[157: 50 0.02 sec spectral acceleration Abrahamson, Silva &amp; Kamai (2014)]" time="0.0" />

      <testcase classname="org.opensha2.gmm.Ngaw2" name="test[158: 51 0.02 sec spectral acceleration Abrahamson, Silva &amp; Kamai (2014)]" time="0.0" />

      <testcase classname="org.opensha2.gmm.Ngaw2" name="test[159: 52 0.02 sec spectral acceleration Abrahamson, Silva &amp; Kamai (2014)]" time="0.0" />

      <testcase classname="org.opensha2.gmm.Ngaw2" name="test[160: 53 0.02 sec spectral acceleration Abrahamson, Silva &amp; Kamai (2014)]" time="0.001" />

      <testcase classname="org.opensha2.gmm.Ngaw2" name="test[161: 54 0.02 sec spectral acceleration Abrahamson, Silva &amp; Kamai (2014)]" time="0.0" />

      <testcase classname="org.opensha2.gmm.Ngaw2" name="test[162: 55 0.02 sec spectral acceleration Abrahamson, Silva &amp; Kamai (2014)]" time="0.0" />

      <testcase classname="org.opensha2.gmm.Ngaw2" name="test[163: 56 0.02 sec spectral acceleration Abrahamson, Silva &amp; Kamai (2014)]" time="0.0" />

      <testcase classname="org.opensha2.gmm.Ngaw2" name="test[164: 57 0.02 sec spectral acceleration Abrahamson, Silva &amp; Kamai (2014)]" time="0.0" />

      <testcase classname="org.opensha2.gmm.Ngaw2" name="test[165: 58 0.02 sec spectral acceleration Abrahamson, Silva &amp; Kamai (2014)]" time="0.0" />

      <testcase classname="org.opensha2.gmm.Ngaw2" name="test[166: 59 0.02 sec spectral acceleration Abrahamson, Silva &amp; Kamai (2014)]" time="0.0" />

      <testcase classname="org.opensha2.gmm.Ngaw2" name="test[167: 60 0.02 sec spectral acceleration Abrahamson, Silva &amp; Kamai (2014)]" time="0.0" />

      <testcase classname="org.opensha2.gmm.Ngaw2" name="test[168: 61 0.02 sec spectral acceleration Abrahamson, Silva &amp; Kamai (2014)]" time="0.0" />

      <testcase classname="org.opensha2.gmm.Ngaw2" name="test[169: 62 0.02 sec spectral acceleration Abrahamson, Silva &amp; Kamai (2014)]" time="0.0" />

      <testcase classname="org.opensha2.gmm.Ngaw2" name="test[170: 63 0.02 sec spectral acceleration Abrahamson, Silva &amp; Kamai (2014)]" time="0.001" />

      <testcase classname="org.opensha2.gmm.Ngaw2" name="test[171: 64 0.02 sec spectral acceleration Abrahamson, Silva &amp; Kamai (2014)]" time="0.0" />

      <testcase classname="org.opensha2.gmm.Ngaw2" name="test[172: 65 0.02 sec spectral acceleration Abrahamson, Silva &amp; Kamai (2014)]" time="0.0" />

      <testcase classname="org.opensha2.gmm.Ngaw2" name="test[173: 66 0.02 sec spectral acceleration Abrahamson, Silva &amp; Kamai (2014)]" time="0.001" />

      <testcase classname="org.opensha2.gmm.Ngaw2" name="test[174: 67 0.02 sec spectral acceleration Abrahamson, Silva &amp; Kamai (2014)]" time="0.0" />

      <testcase classname="org.opensha2.gmm.Ngaw2" name="test[175: 68 0.02 sec spectral acceleration Abrahamson, Silva &amp; Kamai (2014)]" time="0.0" />

      <testcase classname="org.opensha2.gmm.Ngaw2" name="test[176: 69 0.02 sec spectral acceleration Abrahamson, Silva &amp; Kamai (2014)]" time="0.0" />

      <testcase classname="org.opensha2.gmm.Ngaw2" name="test[177: 70 0.02 sec spectral acceleration Abrahamson, Silva &amp; Kamai (2014)]" time="0.0" />

      <testcase classname="org.opensha2.gmm.Ngaw2" name="test[178: 71 0.02 sec spectral acceleration Abrahamson, Silva &amp; Kamai (2014)]" time="0.0" />

      <testcase classname="org.opensha2.gmm.Ngaw2" name="test[179: 72 0.02 sec spectral acceleration Abrahamson, Silva &amp; Kamai (2014)]" time="0.0" />

      <testcase classname="org.opensha2.gmm.Ngaw2" name="test[180: 73 0.02 sec spectral acceleration Abrahamson, Silva &amp; Kamai (2014)]" time="0.0" />

      <testcase classname="org.opensha2.gmm.Ngaw2" name="test[181: 74 0.02 sec spectral acceleration Abrahamson, Silva &amp; Kamai (2014)]" time="0.0" />

      <testcase classname="org.opensha2.gmm.Ngaw2" name="test[182: 75 0.02 sec spectral acceleration Abrahamson, Silva &amp; Kamai (2014)]" time="0.0" />

      <testcase classname="org.opensha2.gmm.Ngaw2" name="test[183: 76 0.02 sec spectral acceleration Abrahamson, Silva &amp; Kamai (2014)]" time="0.0" />

      <testcase classname="org.opensha2.gmm.Ngaw2" name="test[184: 77 0.02 sec spectral acceleration Abrahamson, Silva &amp; Kamai (2014)]" time="0.0" />

      <testcase classname="org.opensha2.gmm.Ngaw2" name="test[185: 78 0.02 sec spectral acceleration Abrahamson, Silva &amp; Kamai (2014)]" time="0.0" />

      <testcase classname="org.opensha2.gmm.Ngaw2" name="test[186: 79 0.02 sec spectral acceleration Abrahamson, Silva &amp; Kamai (2014)]" time="0.0" />

      <testcase classname="org.opensha2.gmm.Ngaw2" name="test[187: 80 0.02 sec spectral acceleration Abrahamson, Silva &amp; Kamai (2014)]" time="0.0" />

      <testcase classname="org.opensha2.gmm.Ngaw2" name="test[188: 81 0.02 sec spectral acceleration Abrahamson, Silva &amp; Kamai (2014)]" time="0.0" />

      <testcase classname="org.opensha2.gmm.Ngaw2" name="test[189: 82 0.02 sec spectral acceleration Abrahamson, Silva &amp; Kamai (2014)]" time="0.0" />

      <testcase classname="org.opensha2.gmm.Ngaw2" name="test[190: 83 0.02 sec spectral acceleration Abrahamson, Silva &amp; Kamai (2014)]" time="0.0" />

      <testcase classname="org.opensha2.gmm.Ngaw2" name="test[191: 84 0.02 sec spectral acceleration Abrahamson, Silva &amp; Kamai (2014)]" time="0.0" />

      <testcase classname="org.opensha2.gmm.Ngaw2" name="test[192: 85 0.02 sec spectral acceleration Abrahamson, Silva &amp; Kamai (2014)]" time="0.0" />

      <testcase classname="org.opensha2.gmm.Ngaw2" name="test[193: 86 0.02 sec spectral acceleration Abrahamson, Silva &amp; Kamai (2014)]" time="0.001" />

      <testcase classname="org.opensha2.gmm.Ngaw2" name="test[194: 87 0.02 sec spectral acceleration Abrahamson, Silva &amp; Kamai (2014)]" time="0.0" />

      <testcase classname="org.opensha2.gmm.Ngaw2" name="test[195: 88 0.02 sec spectral acceleration Abrahamson, Silva &amp; Kamai (2014)]" time="0.0" />

      <testcase classname="org.opensha2.gmm.Ngaw2" name="test[196: 89 0.02 sec spectral acceleration Abrahamson, Silva &amp; Kamai (2014)]" time="0.0" />

      <testcase classname="org.opensha2.gmm.Ngaw2" name="test[197: 90 0.02 sec spectral acceleration Abrahamson, Silva &amp; Kamai (2014)]" time="0.0" />

      <testcase classname="org.opensha2.gmm.Ngaw2" name="test[198: 91 0.02 sec spectral acceleration Abrahamson, Silva &amp; Kamai (2014)]" time="0.0" />

      <testcase classname="org.opensha2.gmm.Ngaw2" name="test[199: 92 0.02 sec spectral acceleration Abrahamson, Silva &amp; Kamai (2014)]" time="0.0" />

      <testcase classname="org.opensha2.gmm.Ngaw2" name="test[200: 93 0.02 sec spectral acceleration Abrahamson, Silva &amp; Kamai (2014)]" time="0.0" />

      <testcase classname="org.opensha2.gmm.Ngaw2" name="test[201: 94 0.02 sec spectral acceleration Abrahamson, Silva &amp; Kamai (2014)]" time="0.0" />

      <testcase classname="org.opensha2.gmm.Ngaw2" name="test[202: 95 0.02 sec spectral acceleration Abrahamson, Silva &amp; Kamai (2014)]" time="0.001" />

      <testcase classname="org.opensha2.gmm.Ngaw2" name="test[203: 96 0.02 sec spectral acceleration Abrahamson, Silva &amp; Kamai (2014)]" time="0.0" />

      <testcase classname="org.opensha2.gmm.Ngaw2" name="test[204: 97 0.02 sec spectral acceleration Abrahamson, Silva &amp; Kamai (2014)]" time="0.0" />

      <testcase classname="org.opensha2.gmm.Ngaw2" name="test[205: 98 0.02 sec spectral acceleration Abrahamson, Silva &amp; Kamai (2014)]" time="0.0" />

      <testcase classname="org.opensha2.gmm.Ngaw2" name="test[206: 99 0.02 sec spectral acceleration Abrahamson, Silva &amp; Kamai (2014)]" time="0.0" />

      <testcase classname="org.opensha2.gmm.Ngaw2" name="test[207: 100 0.02 sec spectral acceleration Abrahamson, Silva &amp; Kamai (2014)]" time="0.0" />

      <testcase classname="org.opensha2.gmm.Ngaw2" name="test[208: 101 0.02 sec spectral acceleration Abrahamson, Silva &amp; Kamai (2014)]" time="0.0" />

      <testcase classname="org.opensha2.gmm.Ngaw2" name="test[209: 102 0.02 sec spectral acceleration Abrahamson, Silva &amp; Kamai (2014)]" time="0.0" />

      <testcase classname="org.opensha2.gmm.Ngaw2" name="test[210: 103 0.02 sec spectral acceleration Abrahamson, Silva &amp; Kamai (2014)]" time="0.0" />

      <testcase classname="org.opensha2.gmm.Ngaw2" name="test[211: 104 0.02 sec spectral acceleration Abrahamson, Silva &amp; Kamai (2014)]" time="0.0" />

      <testcase classname="org.opensha2.gmm.Ngaw2" name="test[212: 105 0.02 sec spectral acceleration Abrahamson, Silva &amp; Kamai (2014)]" time="0.0" />

      <testcase classname="org.opensha2.gmm.Ngaw2" name="test[213: 106 0.02 sec spectral acceleration Abrahamson, Silva &amp; Kamai (2014)]" time="0.0" />

      <testcase classname="org.opensha2.gmm.Ngaw2" name="test[214: 0 0.2 sec spectral acceleration Abrahamson, Silva &amp; Kamai (2014)]" time="0.001" />

      <testcase classname="org.opensha2.gmm.Ngaw2" name="test[215: 1 0.2 sec spectral acceleration Abrahamson, Silva &amp; Kamai (2014)]" time="0.0" />

      <testcase classname="org.opensha2.gmm.Ngaw2" name="test[216: 2 0.2 sec spectral acceleration Abrahamson, Silva &amp; Kamai (2014)]" time="0.0" />

      <testcase classname="org.opensha2.gmm.Ngaw2" name="test[217: 3 0.2 sec spectral acceleration Abrahamson, Silva &amp; Kamai (2014)]" time="0.0" />

      <testcase classname="org.opensha2.gmm.Ngaw2" name="test[218: 4 0.2 sec spectral acceleration Abrahamson, Silva &amp; Kamai (2014)]" time="0.001" />

      <testcase classname="org.opensha2.gmm.Ngaw2" name="test[219: 5 0.2 sec spectral acceleration Abrahamson, Silva &amp; Kamai (2014)]" time="0.0" />

      <testcase classname="org.opensha2.gmm.Ngaw2" name="test[220: 6 0.2 sec spectral acceleration Abrahamson, Silva &amp; Kamai (2014)]" time="0.001" />

      <testcase classname="org.opensha2.gmm.Ngaw2" name="test[221: 7 0.2 sec spectral acceleration Abrahamson, Silva &amp; Kamai (2014)]" time="0.0" />

      <testcase classname="org.opensha2.gmm.Ngaw2" name="test[222: 8 0.2 sec spectral acceleration Abrahamson, Silva &amp; Kamai (2014)]" time="0.0" />

      <testcase classname="org.opensha2.gmm.Ngaw2" name="test[223: 9 0.2 sec spectral acceleration Abrahamson, Silva &amp; Kamai (2014)]" time="0.0" />

      <testcase classname="org.opensha2.gmm.Ngaw2" name="test[224: 10 0.2 sec spectral acceleration Abrahamson, Silva &amp; Kamai (2014)]" time="0.0" />

      <testcase classname="org.opensha2.gmm.Ngaw2" name="test[225: 11 0.2 sec spectral acceleration Abrahamson, Silva &amp; Kamai (2014)]" time="0.0" />

      <testcase classname="org.opensha2.gmm.Ngaw2" name="test[226: 12 0.2 sec spectral acceleration Abrahamson, Silva &amp; Kamai (2014)]" time="0.0" />

      <testcase classname="org.opensha2.gmm.Ngaw2" name="test[227: 13 0.2 sec spectral acceleration Abrahamson, Silva &amp; Kamai (2014)]" time="0.0" />

      <testcase classname="org.opensha2.gmm.Ngaw2" name="test[228: 14 0.2 sec spectral acceleration Abrahamson, Silva &amp; Kamai (2014)]" time="0.0" />

      <testcase classname="org.opensha2.gmm.Ngaw2" name="test[229: 15 0.2 sec spectral acceleration Abrahamson, Silva &amp; Kamai (2014)]" time="0.0" />

      <testcase classname="org.opensha2.gmm.Ngaw2" name="test[230: 16 0.2 sec spectral acceleration Abrahamson, Silva &amp; Kamai (2014)]" time="0.0" />

      <testcase classname="org.opensha2.gmm.Ngaw2" name="test[231: 17 0.2 sec spectral acceleration Abrahamson, Silva &amp; Kamai (2014)]" time="0.0" />

      <testcase classname="org.opensha2.gmm.Ngaw2" name="test[232: 18 0.2 sec spectral acceleration Abrahamson, Silva &amp; Kamai (2014)]" time="0.0" />

      <testcase classname="org.opensha2.gmm.Ngaw2" name="test[233: 19 0.2 sec spectral acceleration Abrahamson, Silva &amp; Kamai (2014)]" time="0.001" />

      <testcase classname="org.opensha2.gmm.Ngaw2" name="test[234: 20 0.2 sec spectral acceleration Abrahamson, Silva &amp; Kamai (2014)]" time="0.0" />

      <testcase classname="org.opensha2.gmm.Ngaw2" name="test[235: 21 0.2 sec spectral acceleration Abrahamson, Silva &amp; Kamai (2014)]" time="0.001" />

      <testcase classname="org.opensha2.gmm.Ngaw2" name="test[236: 22 0.2 sec spectral acceleration Abrahamson, Silva &amp; Kamai (2014)]" time="0.001" />

      <testcase classname="org.opensha2.gmm.Ngaw2" name="test[237: 23 0.2 sec spectral acceleration Abrahamson, Silva &amp; Kamai (2014)]" time="0.0" />

      <testcase classname="org.opensha2.gmm.Ngaw2" name="test[238: 24 0.2 sec spectral acceleration Abrahamson, Silva &amp; Kamai (2014)]" time="0.0" />

      <testcase classname="org.opensha2.gmm.Ngaw2" name="test[239: 25 0.2 sec spectral acceleration Abrahamson, Silva &amp; Kamai (2014)]" time="0.0" />

      <testcase classname="org.opensha2.gmm.Ngaw2" name="test[240: 26 0.2 sec spectral acceleration Abrahamson, Silva &amp; Kamai (2014)]" time="0.0" />

      <testcase classname="org.opensha2.gmm.Ngaw2" name="test[241: 27 0.2 sec spectral acceleration Abrahamson, Silva &amp; Kamai (2014)]" time="0.0" />

      <testcase classname="org.opensha2.gmm.Ngaw2" name="test[242: 28 0.2 sec spectral acceleration Abrahamson, Silva &amp; Kamai (2014)]" time="0.0" />

      <testcase classname="org.opensha2.gmm.Ngaw2" name="test[243: 29 0.2 sec spectral acceleration Abrahamson, Silva &amp; Kamai (2014)]" time="0.0" />

      <testcase classname="org.opensha2.gmm.Ngaw2" name="test[244: 30 0.2 sec spectral acceleration Abrahamson, Silva &amp; Kamai (2014)]" time="0.001" />

      <testcase classname="org.opensha2.gmm.Ngaw2" name="test[245: 31 0.2 sec spectral acceleration Abrahamson, Silva &amp; Kamai (2014)]" time="0.0" />

      <testcase classname="org.opensha2.gmm.Ngaw2" name="test[246: 32 0.2 sec spectral acceleration Abrahamson, Silva &amp; Kamai (2014)]" time="0.0" />

      <testcase classname="org.opensha2.gmm.Ngaw2" name="test[247: 33 0.2 sec spectral acceleration Abrahamson, Silva &amp; Kamai (2014)]" time="0.0" />

      <testcase classname="org.opensha2.gmm.Ngaw2" name="test[248: 34 0.2 sec spectral acceleration Abrahamson, Silva &amp; Kamai (2014)]" time="0.0" />

      <testcase classname="org.opensha2.gmm.Ngaw2" name="test[249: 35 0.2 sec spectral acceleration Abrahamson, Silva &amp; Kamai (2014)]" time="0.0" />

      <testcase classname="org.opensha2.gmm.Ngaw2" name="test[250: 36 0.2 sec spectral acceleration Abrahamson, Silva &amp; Kamai (2014)]" time="0.0" />

      <testcase classname="org.opensha2.gmm.Ngaw2" name="test[251: 37 0.2 sec spectral acceleration Abrahamson, Silva &amp; Kamai (2014)]" time="0.0" />

      <testcase classname="org.opensha2.gmm.Ngaw2" name="test[252: 38 0.2 sec spectral acceleration Abrahamson, Silva &amp; Kamai (2014)]" time="0.0" />

      <testcase classname="org.opensha2.gmm.Ngaw2" name="test[253: 39 0.2 sec spectral acceleration Abrahamson, Silva &amp; Kamai (2014)]" time="0.0" />

      <testcase classname="org.opensha2.gmm.Ngaw2" name="test[254: 40 0.2 sec spectral acceleration Abrahamson, Silva &amp; Kamai (2014)]" time="0.0" />

      <testcase classname="org.opensha2.gmm.Ngaw2" name="test[255: 41 0.2 sec spectral acceleration Abrahamson, Silva &amp; Kamai (2014)]" time="0.0" />

      <testcase classname="org.opensha2.gmm.Ngaw2" name="test[256: 42 0.2 sec spectral acceleration Abrahamson, Silva &amp; Kamai (2014)]" time="0.0" />

      <testcase classname="org.opensha2.gmm.Ngaw2" name="test[257: 43 0.2 sec spectral acceleration Abrahamson, Silva &amp; Kamai (2014)]" time="0.001" />

      <testcase classname="org.opensha2.gmm.Ngaw2" name="test[258: 44 0.2 sec spectral acceleration Abrahamson, Silva &amp; Kamai (2014)]" time="0.0" />

      <testcase classname="org.opensha2.gmm.Ngaw2" name="test[259: 45 0.2 sec spectral acceleration Abrahamson, Silva &amp; Kamai (2014)]" time="0.001" />

      <testcase classname="org.opensha2.gmm.Ngaw2" name="test[260: 46 0.2 sec spectral acceleration Abrahamson, Silva &amp; Kamai (2014)]" time="0.0" />

      <testcase classname="org.opensha2.gmm.Ngaw2" name="test[261: 47 0.2 sec spectral acceleration Abrahamson, Silva &amp; Kamai (2014)]" time="0.0" />

      <testcase classname="org.opensha2.gmm.Ngaw2" name="test[262: 48 0.2 sec spectral acceleration Abrahamson, Silva &amp; Kamai (2014)]" time="0.0" />

      <testcase classname="org.opensha2.gmm.Ngaw2" name="test[263: 49 0.2 sec spectral acceleration Abrahamson, Silva &amp; Kamai (2014)]" time="0.0" />

      <testcase classname="org.opensha2.gmm.Ngaw2" name="test[264: 50 0.2 sec spectral acceleration Abrahamson, Silva &amp; Kamai (2014)]" time="0.0" />

      <testcase classname="org.opensha2.gmm.Ngaw2" name="test[265: 51 0.2 sec spectral acceleration Abrahamson, Silva &amp; Kamai (2014)]" time="0.0" />

      <testcase classname="org.opensha2.gmm.Ngaw2" name="test[266: 52 0.2 sec spectral acceleration Abrahamson, Silva &amp; Kamai (2014)]" time="0.0" />

      <testcase classname="org.opensha2.gmm.Ngaw2" name="test[267: 53 0.2 sec spectral acceleration Abrahamson, Silva &amp; Kamai (2014)]" time="0.0" />

      <testcase classname="org.opensha2.gmm.Ngaw2" name="test[268: 54 0.2 sec spectral acceleration Abrahamson, Silva &amp; Kamai (2014)]" time="0.0" />

      <testcase classname="org.opensha2.gmm.Ngaw2" name="test[269: 55 0.2 sec spectral acceleration Abrahamson, Silva &amp; Kamai (2014)]" time="0.0" />

      <testcase classname="org.opensha2.gmm.Ngaw2" name="test[270: 56 0.2 sec spectral acceleration Abrahamson, Silva &amp; Kamai (2014)]" time="0.0" />

      <testcase classname="org.opensha2.gmm.Ngaw2" name="test[271: 57 0.2 sec spectral acceleration Abrahamson, Silva &amp; Kamai (2014)]" time="0.0" />

      <testcase classname="org.opensha2.gmm.Ngaw2" name="test[272: 58 0.2 sec spectral acceleration Abrahamson, Silva &amp; Kamai (2014)]" time="0.0" />

      <testcase classname="org.opensha2.gmm.Ngaw2" name="test[273: 59 0.2 sec spectral acceleration Abrahamson, Silva &amp; Kamai (2014)]" time="0.0" />

      <testcase classname="org.opensha2.gmm.Ngaw2" name="test[274: 60 0.2 sec spectral acceleration Abrahamson, Silva &amp; Kamai (2014)]" time="0.0" />

      <testcase classname="org.opensha2.gmm.Ngaw2" name="test[275: 61 0.2 sec spectral acceleration Abrahamson, Silva &amp; Kamai (2014)]" time="0.001" />

      <testcase classname="org.opensha2.gmm.Ngaw2" name="test[276: 62 0.2 sec spectral acceleration Abrahamson, Silva &amp; Kamai (2014)]" time="0.0" />

      <testcase classname="org.opensha2.gmm.Ngaw2" name="test[277: 63 0.2 sec spectral acceleration Abrahamson, Silva &amp; Kamai (2014)]" time="0.0" />

      <testcase classname="org.opensha2.gmm.Ngaw2" name="test[278: 64 0.2 sec spectral acceleration Abrahamson, Silva &amp; Kamai (2014)]" time="0.001" />

      <testcase classname="org.opensha2.gmm.Ngaw2" name="test[279: 65 0.2 sec spectral acceleration Abrahamson, Silva &amp; Kamai (2014)]" time="0.0" />

      <testcase classname="org.opensha2.gmm.Ngaw2" name="test[280: 66 0.2 sec spectral acceleration Abrahamson, Silva &amp; Kamai (2014)]" time="0.0" />

      <testcase classname="org.opensha2.gmm.Ngaw2" name="test[281: 67 0.2 sec spectral acceleration Abrahamson, Silva &amp; Kamai (2014)]" time="0.0" />

      <testcase classname="org.opensha2.gmm.Ngaw2" name="test[282: 68 0.2 sec spectral acceleration Abrahamson, Silva &amp; Kamai (2014)]" time="0.0" />

      <testcase classname="org.opensha2.gmm.Ngaw2" name="test[283: 69 0.2 sec spectral acceleration Abrahamson, Silva &amp; Kamai (2014)]" time="0.0" />

      <testcase classname="org.opensha2.gmm.Ngaw2" name="test[284: 70 0.2 sec spectral acceleration Abrahamson, Silva &amp; Kamai (2014)]" time="0.0" />

      <testcase classname="org.opensha2.gmm.Ngaw2" name="test[285: 71 0.2 sec spectral acceleration Abrahamson, Silva &amp; Kamai (2014)]" time="0.0" />

      <testcase classname="org.opensha2.gmm.Ngaw2" name="test[286: 72 0.2 sec spectral acceleration Abrahamson, Silva &amp; Kamai (2014)]" time="0.0" />

      <testcase classname="org.opensha2.gmm.Ngaw2" name="test[287: 73 0.2 sec spectral acceleration Abrahamson, Silva &amp; Kamai (2014)]" time="0.001" />

      <testcase classname="org.opensha2.gmm.Ngaw2" name="test[288: 74 0.2 sec spectral acceleration Abrahamson, Silva &amp; Kamai (2014)]" time="0.0" />

      <testcase classname="org.opensha2.gmm.Ngaw2" name="test[289: 75 0.2 sec spectral acceleration Abrahamson, Silva &amp; Kamai (2014)]" time="0.0" />

      <testcase classname="org.opensha2.gmm.Ngaw2" name="test[290: 76 0.2 sec spectral acceleration Abrahamson, Silva &amp; Kamai (2014)]" time="0.0" />

      <testcase classname="org.opensha2.gmm.Ngaw2" name="test[291: 77 0.2 sec spectral acceleration Abrahamson, Silva &amp; Kamai (2014)]" time="0.0" />

      <testcase classname="org.opensha2.gmm.Ngaw2" name="test[292: 78 0.2 sec spectral acceleration Abrahamson, Silva &amp; Kamai (2014)]" time="0.0" />

      <testcase classname="org.opensha2.gmm.Ngaw2" name="test[293: 79 0.2 sec spectral acceleration Abrahamson, Silva &amp; Kamai (2014)]" time="0.0" />

      <testcase classname="org.opensha2.gmm.Ngaw2" name="test[294: 80 0.2 sec spectral acceleration Abrahamson, Silva &amp; Kamai (2014)]" time="0.0" />

      <testcase classname="org.opensha2.gmm.Ngaw2" name="test[295: 81 0.2 sec spectral acceleration Abrahamson, Silva &amp; Kamai (2014)]" time="0.001" />

      <testcase classname="org.opensha2.gmm.Ngaw2" name="test[296: 82 0.2 sec spectral acceleration Abrahamson, Silva &amp; Kamai (2014)]" time="0.0" />

      <testcase classname="org.opensha2.gmm.Ngaw2" name="test[297: 83 0.2 sec spectral acceleration Abrahamson, Silva &amp; Kamai (2014)]" time="0.0" />

      <testcase classname="org.opensha2.gmm.Ngaw2" name="test[298: 84 0.2 sec spectral acceleration Abrahamson, Silva &amp; Kamai (2014)]" time="0.0" />

      <testcase classname="org.opensha2.gmm.Ngaw2" name="test[299: 85 0.2 sec spectral acceleration Abrahamson, Silva &amp; Kamai (2014)]" time="0.0" />

      <testcase classname="org.opensha2.gmm.Ngaw2" name="test[300: 86 0.2 sec spectral acceleration Abrahamson, Silva &amp; Kamai (2014)]" time="0.0" />

      <testcase classname="org.opensha2.gmm.Ngaw2" name="test[301: 87 0.2 sec spectral acceleration Abrahamson, Silva &amp; Kamai (2014)]" time="0.0" />

      <testcase classname="org.opensha2.gmm.Ngaw2" name="test[302: 88 0.2 sec spectral acceleration Abrahamson, Silva &amp; Kamai (2014)]" time="0.0" />

      <testcase classname="org.opensha2.gmm.Ngaw2" name="test[303: 89 0.2 sec spectral acceleration Abrahamson, Silva &amp; Kamai (2014)]" time="0.0" />

      <testcase classname="org.opensha2.gmm.Ngaw2" name="test[304: 90 0.2 sec spectral acceleration Abrahamson, Silva &amp; Kamai (2014)]" time="0.0" />

      <testcase classname="org.opensha2.gmm.Ngaw2" name="test[305: 91 0.2 sec spectral acceleration Abrahamson, Silva &amp; Kamai (2014)]" time="0.0" />

      <testcase classname="org.opensha2.gmm.Ngaw2" name="test[306: 92 0.2 sec spectral acceleration Abrahamson, Silva &amp; Kamai (2014)]" time="0.001" />

      <testcase classname="org.opensha2.gmm.Ngaw2" name="test[307: 93 0.2 sec spectral acceleration Abrahamson, Silva &amp; Kamai (2014)]" time="0.0" />

      <testcase classname="org.opensha2.gmm.Ngaw2" name="test[308: 94 0.2 sec spectral acceleration Abrahamson, Silva &amp; Kamai (2014)]" time="0.0" />

      <testcase classname="org.opensha2.gmm.Ngaw2" name="test[309: 95 0.2 sec spectral acceleration Abrahamson, Silva &amp; Kamai (2014)]" time="0.0" />

      <testcase classname="org.opensha2.gmm.Ngaw2" name="test[310: 96 0.2 sec spectral acceleration Abrahamson, Silva &amp; Kamai (2014)]" time="0.0" />

      <testcase classname="org.opensha2.gmm.Ngaw2" name="test[311: 97 0.2 sec spectral acceleration Abrahamson, Silva &amp; Kamai (2014)]" time="0.0" />

      <testcase classname="org.opensha2.gmm.Ngaw2" name="test[312: 98 0.2 sec spectral acceleration Abrahamson, Silva &amp; Kamai (2014)]" time="0.0" />

      <testcase classname="org.opensha2.gmm.Ngaw2" name="test[313: 99 0.2 sec spectral acceleration Abrahamson, Silva &amp; Kamai (2014)]" time="0.0" />

      <testcase classname="org.opensha2.gmm.Ngaw2" name="test[314: 100 0.2 sec spectral acceleration Abrahamson, Silva &amp; Kamai (2014)]" time="0.0" />

      <testcase classname="org.opensha2.gmm.Ngaw2" name="test[315: 101 0.2 sec spectral acceleration Abrahamson, Silva &amp; Kamai (2014)]" time="0.0" />

      <testcase classname="org.opensha2.gmm.Ngaw2" name="test[316: 102 0.2 sec spectral acceleration Abrahamson, Silva &amp; Kamai (2014)]" time="0.0" />

      <testcase classname="org.opensha2.gmm.Ngaw2" name="test[317: 103 0.2 sec spectral acceleration Abrahamson, Silva &amp; Kamai (2014)]" time="0.0" />

      <testcase classname="org.opensha2.gmm.Ngaw2" name="test[318: 104 0.2 sec spectral acceleration Abrahamson, Silva &amp; Kamai (2014)]" time="0.0" />

      <testcase classname="org.opensha2.gmm.Ngaw2" name="test[319: 105 0.2 sec spectral acceleration Abrahamson, Silva &amp; Kamai (2014)]" time="0.0" />

      <testcase classname="org.opensha2.gmm.Ngaw2" name="test[320: 106 0.2 sec spectral acceleration Abrahamson, Silva &amp; Kamai (2014)]" time="0.0" />

      <testcase classname="org.opensha2.gmm.Ngaw2" name="test[321: 0 1.0 sec spectral acceleration Abrahamson, Silva &amp; Kamai (2014)]" time="0.0" />

      <testcase classname="org.opensha2.gmm.Ngaw2" name="test[322: 1 1.0 sec spectral acceleration Abrahamson, Silva &amp; Kamai (2014)]" time="0.0" />

      <testcase classname="org.opensha2.gmm.Ngaw2" name="test[323: 2 1.0 sec spectral acceleration Abrahamson, Silva &amp; Kamai (2014)]" time="0.0" />

      <testcase classname="org.opensha2.gmm.Ngaw2" name="test[324: 3 1.0 sec spectral acceleration Abrahamson, Silva &amp; Kamai (2014)]" time="0.0" />

      <testcase classname="org.opensha2.gmm.Ngaw2" name="test[325: 4 1.0 sec spectral acceleration Abrahamson, Silva &amp; Kamai (2014)]" time="0.0" />

      <testcase classname="org.opensha2.gmm.Ngaw2" name="test[326: 5 1.0 sec spectral acceleration Abrahamson, Silva &amp; Kamai (2014)]" time="0.0" />

      <testcase classname="org.opensha2.gmm.Ngaw2" name="test[327: 6 1.0 sec spectral acceleration Abrahamson, Silva &amp; Kamai (2014)]" time="0.0" />

      <testcase classname="org.opensha2.gmm.Ngaw2" name="test[328: 7 1.0 sec spectral acceleration Abrahamson, Silva &amp; Kamai (2014)]" time="0.0" />

      <testcase classname="org.opensha2.gmm.Ngaw2" name="test[329: 8 1.0 sec spectral acceleration Abrahamson, Silva &amp; Kamai (2014)]" time="0.0" />

      <testcase classname="org.opensha2.gmm.Ngaw2" name="test[330: 9 1.0 sec spectral acceleration Abrahamson, Silva &amp; Kamai (2014)]" time="0.0" />

      <testcase classname="org.opensha2.gmm.Ngaw2" name="test[331: 10 1.0 sec spectral acceleration Abrahamson, Silva &amp; Kamai (2014)]" time="0.0" />

      <testcase classname="org.opensha2.gmm.Ngaw2" name="test[332: 11 1.0 sec spectral acceleration Abrahamson, Silva &amp; Kamai (2014)]" time="0.0" />

      <testcase classname="org.opensha2.gmm.Ngaw2" name="test[333: 12 1.0 sec spectral acceleration Abrahamson, Silva &amp; Kamai (2014)]" time="0.0" />

      <testcase classname="org.opensha2.gmm.Ngaw2" name="test[334: 13 1.0 sec spectral acceleration Abrahamson, Silva &amp; Kamai (2014)]" time="0.001" />

      <testcase classname="org.opensha2.gmm.Ngaw2" name="test[335: 14 1.0 sec spectral acceleration Abrahamson, Silva &amp; Kamai (2014)]" time="0.0" />

      <testcase classname="org.opensha2.gmm.Ngaw2" name="test[336: 15 1.0 sec spectral acceleration Abrahamson, Silva &amp; Kamai (2014)]" time="0.0" />

      <testcase classname="org.opensha2.gmm.Ngaw2" name="test[337: 16 1.0 sec spectral acceleration Abrahamson, Silva &amp; Kamai (2014)]" time="0.001" />

      <testcase classname="org.opensha2.gmm.Ngaw2" name="test[338: 17 1.0 sec spectral acceleration Abrahamson, Silva &amp; Kamai (2014)]" time="0.0" />

      <testcase classname="org.opensha2.gmm.Ngaw2" name="test[339: 18 1.0 sec spectral acceleration Abrahamson, Silva &amp; Kamai (2014)]" time="0.0" />

      <testcase classname="org.opensha2.gmm.Ngaw2" name="test[340: 19 1.0 sec spectral acceleration Abrahamson, Silva &amp; Kamai (2014)]" time="0.001" />

      <testcase classname="org.opensha2.gmm.Ngaw2" name="test[341: 20 1.0 sec spectral acceleration Abrahamson, Silva &amp; Kamai (2014)]" time="0.0" />

      <testcase classname="org.opensha2.gmm.Ngaw2" name="test[342: 21 1.0 sec spectral acceleration Abrahamson, Silva &amp; Kamai (2014)]" time="0.0" />

      <testcase classname="org.opensha2.gmm.Ngaw2" name="test[343: 22 1.0 sec spectral acceleration Abrahamson, Silva &amp; Kamai (2014)]" time="0.0" />

      <testcase classname="org.opensha2.gmm.Ngaw2" name="test[344: 23 1.0 sec spectral acceleration Abrahamson, Silva &amp; Kamai (2014)]" time="0.0" />

      <testcase classname="org.opensha2.gmm.Ngaw2" name="test[345: 24 1.0 sec spectral acceleration Abrahamson, Silva &amp; Kamai (2014)]" time="0.0" />

      <testcase classname="org.opensha2.gmm.Ngaw2" name="test[346: 25 1.0 sec spectral acceleration Abrahamson, Silva &amp; Kamai (2014)]" time="0.0" />

      <testcase classname="org.opensha2.gmm.Ngaw2" name="test[347: 26 1.0 sec spectral acceleration Abrahamson, Silva &amp; Kamai (2014)]" time="0.001" />

      <testcase classname="org.opensha2.gmm.Ngaw2" name="test[348: 27 1.0 sec spectral acceleration Abrahamson, Silva &amp; Kamai (2014)]" time="0.0" />

      <testcase classname="org.opensha2.gmm.Ngaw2" name="test[349: 28 1.0 sec spectral acceleration Abrahamson, Silva &amp; Kamai (2014)]" time="0.001" />

      <testcase classname="org.opensha2.gmm.Ngaw2" name="test[350: 29 1.0 sec spectral acceleration Abrahamson, Silva &amp; Kamai (2014)]" time="0.0" />

      <testcase classname="org.opensha2.gmm.Ngaw2" name="test[351: 30 1.0 sec spectral acceleration Abrahamson, Silva &amp; Kamai (2014)]" time="0.0" />

      <testcase classname="org.opensha2.gmm.Ngaw2" name="test[352: 31 1.0 sec spectral acceleration Abrahamson, Silva &amp; Kamai (2014)]" time="0.001" />

      <testcase classname="org.opensha2.gmm.Ngaw2" name="test[353: 32 1.0 sec spectral acceleration Abrahamson, Silva &amp; Kamai (2014)]" time="0.0" />

      <testcase classname="org.opensha2.gmm.Ngaw2" name="test[354: 33 1.0 sec spectral acceleration Abrahamson, Silva &amp; Kamai (2014)]" time="0.0" />

      <testcase classname="org.opensha2.gmm.Ngaw2" name="test[355: 34 1.0 sec spectral acceleration Abrahamson, Silva &amp; Kamai (2014)]" time="0.001" />

      <testcase classname="org.opensha2.gmm.Ngaw2" name="test[356: 35 1.0 sec spectral acceleration Abrahamson, Silva &amp; Kamai (2014)]" time="0.0" />

      <testcase classname="org.opensha2.gmm.Ngaw2" name="test[357: 36 1.0 sec spectral acceleration Abrahamson, Silva &amp; Kamai (2014)]" time="0.0" />

      <testcase classname="org.opensha2.gmm.Ngaw2" name="test[358: 37 1.0 sec spectral acceleration Abrahamson, Silva &amp; Kamai (2014)]" time="0.0" />

      <testcase classname="org.opensha2.gmm.Ngaw2" name="test[359: 38 1.0 sec spectral acceleration Abrahamson, Silva &amp; Kamai (2014)]" time="0.0" />

      <testcase classname="org.opensha2.gmm.Ngaw2" name="test[360: 39 1.0 sec spectral acceleration Abrahamson, Silva &amp; Kamai (2014)]" time="0.0" />

      <testcase classname="org.opensha2.gmm.Ngaw2" name="test[361: 40 1.0 sec spectral acceleration Abrahamson, Silva &amp; Kamai (2014)]" time="0.0" />

      <testcase classname="org.opensha2.gmm.Ngaw2" name="test[362: 41 1.0 sec spectral acceleration Abrahamson, Silva &amp; Kamai (2014)]" time="0.001" />

      <testcase classname="org.opensha2.gmm.Ngaw2" name="test[363: 42 1.0 sec spectral acceleration Abrahamson, Silva &amp; Kamai (2014)]" time="0.0" />

      <testcase classname="org.opensha2.gmm.Ngaw2" name="test[364: 43 1.0 sec spectral acceleration Abrahamson, Silva &amp; Kamai (2014)]" time="0.0" />

      <testcase classname="org.opensha2.gmm.Ngaw2" name="test[365: 44 1.0 sec spectral acceleration Abrahamson, Silva &amp; Kamai (2014)]" time="0.001" />

      <testcase classname="org.opensha2.gmm.Ngaw2" name="test[366: 45 1.0 sec spectral acceleration Abrahamson, Silva &amp; Kamai (2014)]" time="0.0" />

      <testcase classname="org.opensha2.gmm.Ngaw2" name="test[367: 46 1.0 sec spectral acceleration Abrahamson, Silva &amp; Kamai (2014)]" time="0.0" />

      <testcase classname="org.opensha2.gmm.Ngaw2" name="test[368: 47 1.0 sec spectral acceleration Abrahamson, Silva &amp; Kamai (2014)]" time="0.001" />

      <testcase classname="org.opensha2.gmm.Ngaw2" name="test[369: 48 1.0 sec spectral acceleration Abrahamson, Silva &amp; Kamai (2014)]" time="0.0" />

      <testcase classname="org.opensha2.gmm.Ngaw2" name="test[370: 49 1.0 sec spectral acceleration Abrahamson, Silva &amp; Kamai (2014)]" time="0.0" />

      <testcase classname="org.opensha2.gmm.Ngaw2" name="test[371: 50 1.0 sec spectral acceleration Abrahamson, Silva &amp; Kamai (2014)]" time="0.001" />

      <testcase classname="org.opensha2.gmm.Ngaw2" name="test[372: 51 1.0 sec spectral acceleration Abrahamson, Silva &amp; Kamai (2014)]" time="0.0" />

      <testcase classname="org.opensha2.gmm.Ngaw2" name="test[373: 52 1.0 sec spectral acceleration Abrahamson, Silva &amp; Kamai (2014)]" time="0.0" />

      <testcase classname="org.opensha2.gmm.Ngaw2" name="test[374: 53 1.0 sec spectral acceleration Abrahamson, Silva &amp; Kamai (2014)]" time="0.001" />

      <testcase classname="org.opensha2.gmm.Ngaw2" name="test[375: 54 1.0 sec spectral acceleration Abrahamson, Silva &amp; Kamai (2014)]" time="0.0" />

      <testcase classname="org.opensha2.gmm.Ngaw2" name="test[376: 55 1.0 sec spectral acceleration Abrahamson, Silva &amp; Kamai (2014)]" time="0.0" />

      <testcase classname="org.opensha2.gmm.Ngaw2" name="test[377: 56 1.0 sec spectral acceleration Abrahamson, Silva &amp; Kamai (2014)]" time="0.001" />

      <testcase classname="org.opensha2.gmm.Ngaw2" name="test[378: 57 1.0 sec spectral acceleration Abrahamson, Silva &amp; Kamai (2014)]" time="0.0" />

      <testcase classname="org.opensha2.gmm.Ngaw2" name="test[379: 58 1.0 sec spectral acceleration Abrahamson, Silva &amp; Kamai (2014)]" time="0.0" />

      <testcase classname="org.opensha2.gmm.Ngaw2" name="test[380: 59 1.0 sec spectral acceleration Abrahamson, Silva &amp; Kamai (2014)]" time="0.0" />

      <testcase classname="org.opensha2.gmm.Ngaw2" name="test[381: 60 1.0 sec spectral acceleration Abrahamson, Silva &amp; Kamai (2014)]" time="0.0" />

      <testcase classname="org.opensha2.gmm.Ngaw2" name="test[382: 61 1.0 sec spectral acceleration Abrahamson, Silva &amp; Kamai (2014)]" time="0.0" />

      <testcase classname="org.opensha2.gmm.Ngaw2" name="test[383: 62 1.0 sec spectral acceleration Abrahamson, Silva &amp; Kamai (2014)]" time="0.001" />

      <testcase classname="org.opensha2.gmm.Ngaw2" name="test[384: 63 1.0 sec spectral acceleration Abrahamson, Silva &amp; Kamai (2014)]" time="0.0" />

      <testcase classname="org.opensha2.gmm.Ngaw2" name="test[385: 64 1.0 sec spectral acceleration Abrahamson, Silva &amp; Kamai (2014)]" time="0.0" />

      <testcase classname="org.opensha2.gmm.Ngaw2" name="test[386: 65 1.0 sec spectral acceleration Abrahamson, Silva &amp; Kamai (2014)]" time="0.001" />

      <testcase classname="org.opensha2.gmm.Ngaw2" name="test[387: 66 1.0 sec spectral acceleration Abrahamson, Silva &amp; Kamai (2014)]" time="0.0" />

      <testcase classname="org.opensha2.gmm.Ngaw2" name="test[388: 67 1.0 sec spectral acceleration Abrahamson, Silva &amp; Kamai (2014)]" time="0.0" />

      <testcase classname="org.opensha2.gmm.Ngaw2" name="test[389: 68 1.0 sec spectral acceleration Abrahamson, Silva &amp; Kamai (2014)]" time="0.001" />

      <testcase classname="org.opensha2.gmm.Ngaw2" name="test[390: 69 1.0 sec spectral acceleration Abrahamson, Silva &amp; Kamai (2014)]" time="0.0" />

      <testcase classname="org.opensha2.gmm.Ngaw2" name="test[391: 70 1.0 sec spectral acceleration Abrahamson, Silva &amp; Kamai (2014)]" time="0.0" />

      <testcase classname="org.opensha2.gmm.Ngaw2" name="test[392: 71 1.0 sec spectral acceleration Abrahamson, Silva &amp; Kamai (2014)]" time="0.0" />

      <testcase classname="org.opensha2.gmm.Ngaw2" name="test[393: 72 1.0 sec spectral acceleration Abrahamson, Silva &amp; Kamai (2014)]" time="0.0" />

      <testcase classname="org.opensha2.gmm.Ngaw2" name="test[394: 73 1.0 sec spectral acceleration Abrahamson, Silva &amp; Kamai (2014)]" time="0.0" />

      <testcase classname="org.opensha2.gmm.Ngaw2" name="test[395: 74 1.0 sec spectral acceleration Abrahamson, Silva &amp; Kamai (2014)]" time="0.0" />

      <testcase classname="org.opensha2.gmm.Ngaw2" name="test[396: 75 1.0 sec spectral acceleration Abrahamson, Silva &amp; Kamai (2014)]" time="0.0" />

      <testcase classname="org.opensha2.gmm.Ngaw2" name="test[397: 76 1.0 sec spectral acceleration Abrahamson, Silva &amp; Kamai (2014)]" time="0.0" />

      <testcase classname="org.opensha2.gmm.Ngaw2" name="test[398: 77 1.0 sec spectral acceleration Abrahamson, Silva &amp; Kamai (2014)]" time="0.0" />

      <testcase classname="org.opensha2.gmm.Ngaw2" name="test[399: 78 1.0 sec spectral acceleration Abrahamson, Silva &amp; Kamai (2014)]" time="0.001" />

      <testcase classname="org.opensha2.gmm.Ngaw2" name="test[400: 79 1.0 sec spectral acceleration Abrahamson, Silva &amp; Kamai (2014)]" time="0.0" />

      <testcase classname="org.opensha2.gmm.Ngaw2" name="test[401: 80 1.0 sec spectral acceleration Abrahamson, Silva &amp; Kamai (2014)]" time="0.0" />

      <testcase classname="org.opensha2.gmm.Ngaw2" name="test[402: 81 1.0 sec spectral acceleration Abrahamson, Silva &amp; Kamai (2014)]" time="0.001" />

      <testcase classname="org.opensha2.gmm.Ngaw2" name="test[403: 82 1.0 sec spectral acceleration Abrahamson, Silva &amp; Kamai (2014)]" time="0.0" />

      <testcase classname="org.opensha2.gmm.Ngaw2" name="test[404: 83 1.0 sec spectral acceleration Abrahamson, Silva &amp; Kamai (2014)]" time="0.0" />

      <testcase classname="org.opensha2.gmm.Ngaw2" name="test[405: 84 1.0 sec spectral acceleration Abrahamson, Silva &amp; Kamai (2014)]" time="0.0" />

      <testcase classname="org.opensha2.gmm.Ngaw2" name="test[406: 85 1.0 sec spectral acceleration Abrahamson, Silva &amp; Kamai (2014)]" time="0.0" />

      <testcase classname="org.opensha2.gmm.Ngaw2" name="test[407: 86 1.0 sec spectral acceleration Abrahamson, Silva &amp; Kamai (2014)]" time="0.0" />

      <testcase classname="org.opensha2.gmm.Ngaw2" name="test[408: 87 1.0 sec spectral acceleration Abrahamson, Silva &amp; Kamai (2014)]" time="0.0" />

      <testcase classname="org.opensha2.gmm.Ngaw2" name="test[409: 88 1.0 sec spectral acceleration Abrahamson, Silva &amp; Kamai (2014)]" time="0.0" />

      <testcase classname="org.opensha2.gmm.Ngaw2" name="test[410: 89 1.0 sec spectral acceleration Abrahamson, Silva &amp; Kamai (2014)]" time="0.0" />

      <testcase classname="org.opensha2.gmm.Ngaw2" name="test[411: 90 1.0 sec spectral acceleration Abrahamson, Silva &amp; Kamai (2014)]" time="0.0" />

      <testcase classname="org.opensha2.gmm.Ngaw2" name="test[412: 91 1.0 sec spectral acceleration Abrahamson, Silva &amp; Kamai (2014)]" time="0.0" />

      <testcase classname="org.opensha2.gmm.Ngaw2" name="test[413: 92 1.0 sec spectral acceleration Abrahamson, Silva &amp; Kamai (2014)]" time="0.0" />

      <testcase classname="org.opensha2.gmm.Ngaw2" name="test[414: 93 1.0 sec spectral acceleration Abrahamson, Silva &amp; Kamai (2014)]" time="0.0" />

      <testcase classname="org.opensha2.gmm.Ngaw2" name="test[415: 94 1.0 sec spectral acceleration Abrahamson, Silva &amp; Kamai (2014)]" time="0.0" />

      <testcase classname="org.opensha2.gmm.Ngaw2" name="test[416: 95 1.0 sec spectral acceleration Abrahamson, Silva &amp; Kamai (2014)]" time="0.0" />

      <testcase classname="org.opensha2.gmm.Ngaw2" name="test[417: 96 1.0 sec spectral acceleration Abrahamson, Silva &amp; Kamai (2014)]" time="0.0" />

      <testcase classname="org.opensha2.gmm.Ngaw2" name="test[418: 97 1.0 sec spectral acceleration Abrahamson, Silva &amp; Kamai (2014)]" time="0.0" />

      <testcase classname="org.opensha2.gmm.Ngaw2" name="test[419: 98 1.0 sec spectral acceleration Abrahamson, Silva &amp; Kamai (2014)]" time="0.0" />

      <testcase classname="org.opensha2.gmm.Ngaw2" name="test[420: 99 1.0 sec spectral acceleration Abrahamson, Silva &amp; Kamai (2014)]" time="0.0" />

      <testcase classname="org.opensha2.gmm.Ngaw2" name="test[421: 100 1.0 sec spectral acceleration Abrahamson, Silva &amp; Kamai (2014)]" time="0.0" />

      <testcase classname="org.opensha2.gmm.Ngaw2" name="test[422: 101 1.0 sec spectral acceleration Abrahamson, Silva &amp; Kamai (2014)]" time="0.0" />

      <testcase classname="org.opensha2.gmm.Ngaw2" name="test[423: 102 1.0 sec spectral acceleration Abrahamson, Silva &amp; Kamai (2014)]" time="0.0" />

      <testcase classname="org.opensha2.gmm.Ngaw2" name="test[424: 103 1.0 sec spectral acceleration Abrahamson, Silva &amp; Kamai (2014)]" time="0.0" />

      <testcase classname="org.opensha2.gmm.Ngaw2" name="test[425: 104 1.0 sec spectral acceleration Abrahamson, Silva &amp; Kamai (2014)]" time="0.0" />

      <testcase classname="org.opensha2.gmm.Ngaw2" name="test[426: 105 1.0 sec spectral acceleration Abrahamson, Silva &amp; Kamai (2014)]" time="0.001" />

      <testcase classname="org.opensha2.gmm.Ngaw2" name="test[427: 106 1.0 sec spectral acceleration Abrahamson, Silva &amp; Kamai (2014)]" time="0.001" />

      <testcase classname="org.opensha2.gmm.Ngaw2" name="test[428: 0 3.0 sec spectral acceleration Abrahamson, Silva &amp; Kamai (2014)]" time="0.0" />

      <testcase classname="org.opensha2.gmm.Ngaw2" name="test[429: 1 3.0 sec spectral acceleration Abrahamson, Silva &amp; Kamai (2014)]" time="0.0" />

      <testcase classname="org.opensha2.gmm.Ngaw2" name="test[430: 2 3.0 sec spectral acceleration Abrahamson, Silva &amp; Kamai (2014)]" time="0.0" />

      <testcase classname="org.opensha2.gmm.Ngaw2" name="test[431: 3 3.0 sec spectral acceleration Abrahamson, Silva &amp; Kamai (2014)]" time="0.0" />

      <testcase classname="org.opensha2.gmm.Ngaw2" name="test[432: 4 3.0 sec spectral acceleration Abrahamson, Silva &amp; Kamai (2014)]" time="0.0" />

      <testcase classname="org.opensha2.gmm.Ngaw2" name="test[433: 5 3.0 sec spectral acceleration Abrahamson, Silva &amp; Kamai (2014)]" time="0.001" />

      <testcase classname="org.opensha2.gmm.Ngaw2" name="test[434: 6 3.0 sec spectral acceleration Abrahamson, Silva &amp; Kamai (2014)]" time="0.0" />

      <testcase classname="org.opensha2.gmm.Ngaw2" name="test[435: 7 3.0 sec spectral acceleration Abrahamson, Silva &amp; Kamai (2014)]" time="0.0" />

      <testcase classname="org.opensha2.gmm.Ngaw2" name="test[436: 8 3.0 sec spectral acceleration Abrahamson, Silva &amp; Kamai (2014)]" time="0.001" />

      <testcase classname="org.opensha2.gmm.Ngaw2" name="test[437: 9 3.0 sec spectral acceleration Abrahamson, Silva &amp; Kamai (2014)]" time="0.0" />

      <testcase classname="org.opensha2.gmm.Ngaw2" name="test[438: 10 3.0 sec spectral acceleration Abrahamson, Silva &amp; Kamai (2014)]" time="0.0" />

      <testcase classname="org.opensha2.gmm.Ngaw2" name="test[439: 11 3.0 sec spectral acceleration Abrahamson, Silva &amp; Kamai (2014)]" time="0.001" />

      <testcase classname="org.opensha2.gmm.Ngaw2" name="test[440: 12 3.0 sec spectral acceleration Abrahamson, Silva &amp; Kamai (2014)]" time="0.0" />

      <testcase classname="org.opensha2.gmm.Ngaw2" name="test[441: 13 3.0 sec spectral acceleration Abrahamson, Silva &amp; Kamai (2014)]" time="0.0" />

      <testcase classname="org.opensha2.gmm.Ngaw2" name="test[442: 14 3.0 sec spectral acceleration Abrahamson, Silva &amp; Kamai (2014)]" time="0.001" />

      <testcase classname="org.opensha2.gmm.Ngaw2" name="test[443: 15 3.0 sec spectral acceleration Abrahamson, Silva &amp; Kamai (2014)]" time="0.0" />

      <testcase classname="org.opensha2.gmm.Ngaw2" name="test[444: 16 3.0 sec spectral acceleration Abrahamson, Silva &amp; Kamai (2014)]" time="0.0" />

      <testcase classname="org.opensha2.gmm.Ngaw2" name="test[445: 17 3.0 sec spectral acceleration Abrahamson, Silva &amp; Kamai (2014)]" time="0.0" />

      <testcase classname="org.opensha2.gmm.Ngaw2" name="test[446: 18 3.0 sec spectral acceleration Abrahamson, Silva &amp; Kamai (2014)]" time="0.0" />

      <testcase classname="org.opensha2.gmm.Ngaw2" name="test[447: 19 3.0 sec spectral acceleration Abrahamson, Silva &amp; Kamai (2014)]" time="0.0" />

      <testcase classname="org.opensha2.gmm.Ngaw2" name="test[448: 20 3.0 sec spectral acceleration Abrahamson, Silva &amp; Kamai (2014)]" time="0.0" />

      <testcase classname="org.opensha2.gmm.Ngaw2" name="test[449: 21 3.0 sec spectral acceleration Abrahamson, Silva &amp; Kamai (2014)]" time="0.0" />

      <testcase classname="org.opensha2.gmm.Ngaw2" name="test[450: 22 3.0 sec spectral acceleration Abrahamson, Silva &amp; Kamai (2014)]" time="0.0" />

      <testcase classname="org.opensha2.gmm.Ngaw2" name="test[451: 23 3.0 sec spectral acceleration Abrahamson, Silva &amp; Kamai (2014)]" time="0.0" />

      <testcase classname="org.opensha2.gmm.Ngaw2" name="test[452: 24 3.0 sec spectral acceleration Abrahamson, Silva &amp; Kamai (2014)]" time="0.0" />

      <testcase classname="org.opensha2.gmm.Ngaw2" name="test[453: 25 3.0 sec spectral acceleration Abrahamson, Silva &amp; Kamai (2014)]" time="0.0" />

      <testcase classname="org.opensha2.gmm.Ngaw2" name="test[454: 26 3.0 sec spectral acceleration Abrahamson, Silva &amp; Kamai (2014)]" time="0.001" />

      <testcase classname="org.opensha2.gmm.Ngaw2" name="test[455: 27 3.0 sec spectral acceleration Abrahamson, Silva &amp; Kamai (2014)]" time="0.0" />

      <testcase classname="org.opensha2.gmm.Ngaw2" name="test[456: 28 3.0 sec spectral acceleration Abrahamson, Silva &amp; Kamai (2014)]" time="0.0" />

      <testcase classname="org.opensha2.gmm.Ngaw2" name="test[457: 29 3.0 sec spectral acceleration Abrahamson, Silva &amp; Kamai (2014)]" time="0.0" />

      <testcase classname="org.opensha2.gmm.Ngaw2" name="test[458: 30 3.0 sec spectral acceleration Abrahamson, Silva &amp; Kamai (2014)]" time="0.0" />

      <testcase classname="org.opensha2.gmm.Ngaw2" name="test[459: 31 3.0 sec spectral acceleration Abrahamson, Silva &amp; Kamai (2014)]" time="0.0" />

      <testcase classname="org.opensha2.gmm.Ngaw2" name="test[460: 32 3.0 sec spectral acceleration Abrahamson, Silva &amp; Kamai (2014)]" time="0.001" />

      <testcase classname="org.opensha2.gmm.Ngaw2" name="test[461: 33 3.0 sec spectral acceleration Abrahamson, Silva &amp; Kamai (2014)]" time="0.0" />

      <testcase classname="org.opensha2.gmm.Ngaw2" name="test[462: 34 3.0 sec spectral acceleration Abrahamson, Silva &amp; Kamai (2014)]" time="0.0" />

      <testcase classname="org.opensha2.gmm.Ngaw2" name="test[463: 35 3.0 sec spectral acceleration Abrahamson, Silva &amp; Kamai (2014)]" time="0.0" />

      <testcase classname="org.opensha2.gmm.Ngaw2" name="test[464: 36 3.0 sec spectral acceleration Abrahamson, Silva &amp; Kamai (2014)]" time="0.0" />

      <testcase classname="org.opensha2.gmm.Ngaw2" name="test[465: 37 3.0 sec spectral acceleration Abrahamson, Silva &amp; Kamai (2014)]" time="0.0" />

      <testcase classname="org.opensha2.gmm.Ngaw2" name="test[466: 38 3.0 sec spectral acceleration Abrahamson, Silva &amp; Kamai (2014)]" time="0.001" />

      <testcase classname="org.opensha2.gmm.Ngaw2" name="test[467: 39 3.0 sec spectral acceleration Abrahamson, Silva &amp; Kamai (2014)]" time="0.0" />

      <testcase classname="org.opensha2.gmm.Ngaw2" name="test[468: 40 3.0 sec spectral acceleration Abrahamson, Silva &amp; Kamai (2014)]" time="0.0" />

      <testcase classname="org.opensha2.gmm.Ngaw2" name="test[469: 41 3.0 sec spectral acceleration Abrahamson, Silva &amp; Kamai (2014)]" time="0.001" />

      <testcase classname="org.opensha2.gmm.Ngaw2" name="test[470: 42 3.0 sec spectral acceleration Abrahamson, Silva &amp; Kamai (2014)]" time="0.0" />

      <testcase classname="org.opensha2.gmm.Ngaw2" name="test[471: 43 3.0 sec spectral acceleration Abrahamson, Silva &amp; Kamai (2014)]" time="0.0" />

      <testcase classname="org.opensha2.gmm.Ngaw2" name="test[472: 44 3.0 sec spectral acceleration Abrahamson, Silva &amp; Kamai (2014)]" time="0.0" />

      <testcase classname="org.opensha2.gmm.Ngaw2" name="test[473: 45 3.0 sec spectral acceleration Abrahamson, Silva &amp; Kamai (2014)]" time="0.0" />

      <testcase classname="org.opensha2.gmm.Ngaw2" name="test[474: 46 3.0 sec spectral acceleration Abrahamson, Silva &amp; Kamai (2014)]" time="0.0" />

      <testcase classname="org.opensha2.gmm.Ngaw2" name="test[475: 47 3.0 sec spectral acceleration Abrahamson, Silva &amp; Kamai (2014)]" time="0.0" />

      <testcase classname="org.opensha2.gmm.Ngaw2" name="test[476: 48 3.0 sec spectral acceleration Abrahamson, Silva &amp; Kamai (2014)]" time="0.0" />

      <testcase classname="org.opensha2.gmm.Ngaw2" name="test[477: 49 3.0 sec spectral acceleration Abrahamson, Silva &amp; Kamai (2014)]" time="0.0" />

      <testcase classname="org.opensha2.gmm.Ngaw2" name="test[478: 50 3.0 sec spectral acceleration Abrahamson, Silva &amp; Kamai (2014)]" time="0.001" />

      <testcase classname="org.opensha2.gmm.Ngaw2" name="test[479: 51 3.0 sec spectral acceleration Abrahamson, Silva &amp; Kamai (2014)]" time="0.0" />

      <testcase classname="org.opensha2.gmm.Ngaw2" name="test[480: 52 3.0 sec spectral acceleration Abrahamson, Silva &amp; Kamai (2014)]" time="0.001" />

      <testcase classname="org.opensha2.gmm.Ngaw2" name="test[481: 53 3.0 sec spectral acceleration Abrahamson, Silva &amp; Kamai (2014)]" time="0.0" />

      <testcase classname="org.opensha2.gmm.Ngaw2" name="test[482: 54 3.0 sec spectral acceleration Abrahamson, Silva &amp; Kamai (2014)]" time="0.001" />

      <testcase classname="org.opensha2.gmm.Ngaw2" name="test[483: 55 3.0 sec spectral acceleration Abrahamson, Silva &amp; Kamai (2014)]" time="0.0" />

      <testcase classname="org.opensha2.gmm.Ngaw2" name="test[484: 56 3.0 sec spectral acceleration Abrahamson, Silva &amp; Kamai (2014)]" time="0.001" />

      <testcase classname="org.opensha2.gmm.Ngaw2" name="test[485: 57 3.0 sec spectral acceleration Abrahamson, Silva &amp; Kamai (2014)]" time="0.0" />

      <testcase classname="org.opensha2.gmm.Ngaw2" name="test[486: 58 3.0 sec spectral acceleration Abrahamson, Silva &amp; Kamai (2014)]" time="0.0" />

      <testcase classname="org.opensha2.gmm.Ngaw2" name="test[487: 59 3.0 sec spectral acceleration Abrahamson, Silva &amp; Kamai (2014)]" time="0.001" />

      <testcase classname="org.opensha2.gmm.Ngaw2" name="test[488: 60 3.0 sec spectral acceleration Abrahamson, Silva &amp; Kamai (2014)]" time="0.0" />

      <testcase classname="org.opensha2.gmm.Ngaw2" name="test[489: 61 3.0 sec spectral acceleration Abrahamson, Silva &amp; Kamai (2014)]" time="0.0" />

      <testcase classname="org.opensha2.gmm.Ngaw2" name="test[490: 62 3.0 sec spectral acceleration Abrahamson, Silva &amp; Kamai (2014)]" time="0.0" />

      <testcase classname="org.opensha2.gmm.Ngaw2" name="test[491: 63 3.0 sec spectral acceleration Abrahamson, Silva &amp; Kamai (2014)]" time="0.0" />

      <testcase classname="org.opensha2.gmm.Ngaw2" name="test[492: 64 3.0 sec spectral acceleration Abrahamson, Silva &amp; Kamai (2014)]" time="0.0" />

      <testcase classname="org.opensha2.gmm.Ngaw2" name="test[493: 65 3.0 sec spectral acceleration Abrahamson, Silva &amp; Kamai (2014)]" time="0.0" />

      <testcase classname="org.opensha2.gmm.Ngaw2" name="test[494: 66 3.0 sec spectral acceleration Abrahamson, Silva &amp; Kamai (2014)]" time="0.0" />

      <testcase classname="org.opensha2.gmm.Ngaw2" name="test[495: 67 3.0 sec spectral acceleration Abrahamson, Silva &amp; Kamai (2014)]" time="0.0" />

      <testcase classname="org.opensha2.gmm.Ngaw2" name="test[496: 68 3.0 sec spectral acceleration Abrahamson, Silva &amp; Kamai (2014)]" time="0.0" />

      <testcase classname="org.opensha2.gmm.Ngaw2" name="test[497: 69 3.0 sec spectral acceleration Abrahamson, Silva &amp; Kamai (2014)]" time="0.0" />

      <testcase classname="org.opensha2.gmm.Ngaw2" name="test[498: 70 3.0 sec spectral acceleration Abrahamson, Silva &amp; Kamai (2014)]" time="0.0" />

      <testcase classname="org.opensha2.gmm.Ngaw2" name="test[499: 71 3.0 sec spectral acceleration Abrahamson, Silva &amp; Kamai (2014)]" time="0.0" />

      <testcase classname="org.opensha2.gmm.Ngaw2" name="test[500: 72 3.0 sec spectral acceleration Abrahamson, Silva &amp; Kamai (2014)]" time="0.0" />

      <testcase classname="org.opensha2.gmm.Ngaw2" name="test[501: 73 3.0 sec spectral acceleration Abrahamson, Silva &amp; Kamai (2014)]" time="0.0" />

      <testcase classname="org.opensha2.gmm.Ngaw2" name="test[502: 74 3.0 sec spectral acceleration Abrahamson, Silva &amp; Kamai (2014)]" time="0.0" />

      <testcase classname="org.opensha2.gmm.Ngaw2" name="test[503: 75 3.0 sec spectral acceleration Abrahamson, Silva &amp; Kamai (2014)]" time="0.0" />

      <testcase classname="org.opensha2.gmm.Ngaw2" name="test[504: 76 3.0 sec spectral acceleration Abrahamson, Silva &amp; Kamai (2014)]" time="0.0" />

      <testcase classname="org.opensha2.gmm.Ngaw2" name="test[505: 77 3.0 sec spectral acceleration Abrahamson, Silva &amp; Kamai (2014)]" time="0.001" />

      <testcase classname="org.opensha2.gmm.Ngaw2" name="test[506: 78 3.0 sec spectral acceleration Abrahamson, Silva &amp; Kamai (2014)]" time="0.0" />

      <testcase classname="org.opensha2.gmm.Ngaw2" name="test[507: 79 3.0 sec spectral acceleration Abrahamson, Silva &amp; Kamai (2014)]" time="0.001" />

      <testcase classname="org.opensha2.gmm.Ngaw2" name="test[508: 80 3.0 sec spectral acceleration Abrahamson, Silva &amp; Kamai (2014)]" time="0.0" />

      <testcase classname="org.opensha2.gmm.Ngaw2" name="test[509: 81 3.0 sec spectral acceleration Abrahamson, Silva &amp; Kamai (2014)]" time="0.0" />

      <testcase classname="org.opensha2.gmm.Ngaw2" name="test[510: 82 3.0 sec spectral acceleration Abrahamson, Silva &amp; Kamai (2014)]" time="0.0" />

      <testcase classname="org.opensha2.gmm.Ngaw2" name="test[511: 83 3.0 sec spectral acceleration Abrahamson, Silva &amp; Kamai (2014)]" time="0.0" />

      <testcase classname="org.opensha2.gmm.Ngaw2" name="test[512: 84 3.0 sec spectral acceleration Abrahamson, Silva &amp; Kamai (2014)]" time="0.001" />

      <testcase classname="org.opensha2.gmm.Ngaw2" name="test[513: 85 3.0 sec spectral acceleration Abrahamson, Silva &amp; Kamai (2014)]" time="0.0" />

      <testcase classname="org.opensha2.gmm.Ngaw2" name="test[514: 86 3.0 sec spectral acceleration Abrahamson, Silva &amp; Kamai (2014)]" time="0.0" />

      <testcase classname="org.opensha2.gmm.Ngaw2" name="test[515: 87 3.0 sec spectral acceleration Abrahamson, Silva &amp; Kamai (2014)]" time="0.0" />

      <testcase classname="org.opensha2.gmm.Ngaw2" name="test[516: 88 3.0 sec spectral acceleration Abrahamson, Silva &amp; Kamai (2014)]" time="0.0" />

      <testcase classname="org.opensha2.gmm.Ngaw2" name="test[517: 89 3.0 sec spectral acceleration Abrahamson, Silva &amp; Kamai (2014)]" time="0.0" />

      <testcase classname="org.opensha2.gmm.Ngaw2" name="test[518: 90 3.0 sec spectral acceleration Abrahamson, Silva &amp; Kamai (2014)]" time="0.0" />

      <testcase classname="org.opensha2.gmm.Ngaw2" name="test[519: 91 3.0 sec spectral acceleration Abrahamson, Silva &amp; Kamai (2014)]" time="0.0" />

[...]

      <testcase classname="org.opensha2.gmm.Ngaw2" name="test[2525: 64 1.0 sec spectral acceleration Idriss (2014)]" time="0.0" />

      <testcase classname="org.opensha2.gmm.Ngaw2" name="test[2526: 65 1.0 sec spectral acceleration Idriss (2014)]" time="0.0" />

      <testcase classname="org.opensha2.gmm.Ngaw2" name="test[2527: 66 1.0 sec spectral acceleration Idriss (2014)]" time="0.0" />

      <testcase classname="org.opensha2.gmm.Ngaw2" name="test[2528: 67 1.0 sec spectral acceleration Idriss (2014)]" time="0.0" />

      <testcase classname="org.opensha2.gmm.Ngaw2" name="test[2529: 68 1.0 sec spectral acceleration Idriss (2014)]" time="0.0" />

      <testcase classname="org.opensha2.gmm.Ngaw2" name="test[2530: 69 1.0 sec spectral acceleration Idriss (2014)]" time="0.0" />

      <testcase classname="org.opensha2.gmm.Ngaw2" name="test[2531: 70 1.0 sec spectral acceleration Idriss (2014)]" time="0.0" />

      <testcase classname="org.opensha2.gmm.Ngaw2" name="test[2532: 71 1.0 sec spectral acceleration Idriss (2014)]" time="0.0" />

      <testcase classname="org.opensha2.gmm.Ngaw2" name="test[2533: 72 1.0 sec spectral acceleration Idriss (2014)]" time="0.0" />

      <testcase classname="org.opensha2.gmm.Ngaw2" name="test[2534: 73 1.0 sec spectral acceleration Idriss (2014)]" time="0.0" />

      <testcase classname="org.opensha2.gmm.Ngaw2" name="test[2535: 74 1.0 sec spectral acceleration Idriss (2014)]" time="0.0" />

      <testcase classname="org.opensha2.gmm.Ngaw2" name="test[2536: 75 1.0 sec spectral acceleration Idriss (2014)]" time="0.0" />

      <testcase classname="org.opensha2.gmm.Ngaw2" name="test[2537: 76 1.0 sec spectral acceleration Idriss (2014)]" time="0.0" />

      <testcase classname="org.opensha2.gmm.Ngaw2" name="test[2538: 77 1.0 sec spectral acceleration Idriss (2014)]" time="0.001" />

      <testcase classname="org.opensha2.gmm.Ngaw2" name="test[2539: 78 1.0 sec spectral acceleration Idriss (2014)]" time="0.0" />

      <testcase classname="org.opensha2.gmm.Ngaw2" name="test[2540: 79 1.0 sec spectral acceleration Idriss (2014)]" time="0.0" />

      <testcase classname="org.opensha2.gmm.Ngaw2" name="test[2541: 80 1.0 sec spectral acceleration Idriss (2014)]" time="0.0" />

      <testcase classname="org.opensha2.gmm.Ngaw2" name="test[2542: 81 1.0 sec spectral acceleration Idriss (2014)]" time="0.0" />

      <testcase classname="org.opensha2.gmm.Ngaw2" name="test[2543: 82 1.0 sec spectral acceleration Idriss (2014)]" time="0.0" />

      <testcase classname="org.opensha2.gmm.Ngaw2" name="test[2544: 83 1.0 sec spectral acceleration Idriss (2014)]" time="0.0" />

      <testcase classname="org.opensha2.gmm.Ngaw2" name="test[2545: 84 1.0 sec spectral acceleration Idriss (2014)]" time="0.0" />

      <testcase classname="org.opensha2.gmm.Ngaw2" name="test[2546: 85 1.0 sec spectral acceleration Idriss (2014)]" time="0.0" />

      <testcase classname="org.opensha2.gmm.Ngaw2" name="test[2547: 86 1.0 sec spectral acceleration Idriss (2014)]" time="0.0" />

      <testcase classname="org.opensha2.gmm.Ngaw2" name="test[2548: 87 1.0 sec spectral acceleration Idriss (2014)]" time="0.001" />

      <testcase classname="org.opensha2.gmm.Ngaw2" name="test[2549: 88 1.0 sec spectral acceleration Idriss (2014)]" time="0.0" />

      <testcase classname="org.opensha2.gmm.Ngaw2" name="test[2550: 89 1.0 sec spectral acceleration Idriss (2014)]" time="0.0" />

      <testcase classname="org.opensha2.gmm.Ngaw2" name="test[2551: 90 1.0 sec spectral acceleration Idriss (2014)]" time="0.0" />

      <testcase classname="org.opensha2.gmm.Ngaw2" name="test[2552: 91 1.0 sec spectral acceleration Idriss (2014)]" time="0.0" />

      <testcase classname="org.opensha2.gmm.Ngaw2" name="test[2553: 92 1.0 sec spectral acceleration Idriss (2014)]" time="0.0" />

      <testcase classname="org.opensha2.gmm.Ngaw2" name="test[2554: 93 1.0 sec spectral acceleration Idriss (2014)]" time="0.0" />

      <testcase classname="org.opensha2.gmm.Ngaw2" name="test[2555: 94 1.0 sec spectral acceleration Idriss (2014)]" time="0.0" />

      <testcase classname="org.opensha2.gmm.Ngaw2" name="test[2556: 95 1.0 sec spectral acceleration Idriss (2014)]" time="0.0" />

      <testcase classname="org.opensha2.gmm.Ngaw2" name="test[2557: 96 1.0 sec spectral acceleration Idriss (2014)]" time="0.0" />

      <testcase classname="org.opensha2.gmm.Ngaw2" name="test[2558: 97 1.0 sec spectral acceleration Idriss (2014)]" time="0.0" />

      <testcase classname="org.opensha2.gmm.Ngaw2" name="test[2559: 98 1.0 sec spectral acceleration Idriss (2014)]" time="0.0" />

      <testcase classname="org.opensha2.gmm.Ngaw2" name="test[2560: 99 1.0 sec spectral acceleration Idriss (2014)]" time="0.0" />

      <testcase classname="org.opensha2.gmm.Ngaw2" name="test[2561: 100 1.0 sec spectral acceleration Idriss (2014)]" time="0.0" />

      <testcase classname="org.opensha2.gmm.Ngaw2" name="test[2562: 101 1.0 sec spectral acceleration Idriss (2014)]" time="0.0" />

      <testcase classname="org.opensha2.gmm.Ngaw2" name="test[2563: 102 1.0 sec spectral acceleration Idriss (2014)]" time="0.0" />

      <testcase classname="org.opensha2.gmm.Ngaw2" name="test[2564: 103 1.0 sec spectral acceleration Idriss (2014)]" time="0.0" />

      <testcase classname="org.opensha2.gmm.Ngaw2" name="test[2565: 104 1.0 sec spectral acceleration Idriss (2014)]" time="0.0" />

      <testcase classname="org.opensha2.gmm.Ngaw2" name="test[2566: 105 1.0 sec spectral acceleration Idriss (2014)]" time="0.0" />

      <testcase classname="org.opensha2.gmm.Ngaw2" name="test[2567: 106 1.0 sec spectral acceleration Idriss (2014)]" time="0.0" />

      <testcase classname="org.opensha2.gmm.Ngaw2" name="test[2568: 0 3.0 sec spectral acceleration Idriss (2014)]" time="0.001" />

      <testcase classname="org.opensha2.gmm.Ngaw2" name="test[2569: 1 3.0 sec spectral acceleration Idriss (2014)]" time="0.0" />

      <testcase classname="org.opensha2.gmm.Ngaw2" name="test[2570: 2 3.0 sec spectral acceleration Idriss (2014)]" time="0.0" />

      <testcase classname="org.opensha2.gmm.Ngaw2" name="test[2571: 3 3.0 sec spectral acceleration Idriss (2014)]" time="0.0" />

      <testcase classname="org.opensha2.gmm.Ngaw2" name="test[2572: 4 3.0 sec spectral acceleration Idriss (2014)]" time="0.0" />

      <testcase classname="org.opensha2.gmm.Ngaw2" name="test[2573: 5 3.0 sec spectral acceleration Idriss (2014)]" time="0.0" />

      <testcase classname="org.opensha2.gmm.Ngaw2" name="test[2574: 6 3.0 sec spectral acceleration Idriss (2014)]" time="0.0" />

      <testcase classname="org.opensha2.gmm.Ngaw2" name="test[2575: 7 3.0 sec spectral acceleration Idriss (2014)]" time="0.0" />

      <testcase classname="org.opensha2.gmm.Ngaw2" name="test[2576: 8 3.0 sec spectral acceleration Idriss (2014)]" time="0.0" />

      <testcase classname="org.opensha2.gmm.Ngaw2" name="test[2577: 9 3.0 sec spectral acceleration Idriss (2014)]" time="0.0" />

      <testcase classname="org.opensha2.gmm.Ngaw2" name="test[2578: 10 3.0 sec spectral acceleration Idriss (2014)]" time="0.0" />

      <testcase classname="org.opensha2.gmm.Ngaw2" name="test[2579: 11 3.0 sec spectral acceleration Idriss (2014)]" time="0.0" />

      <testcase classname="org.opensha2.gmm.Ngaw2" name="test[2580: 12 3.0 sec spectral acceleration Idriss (2014)]" time="0.0" />

      <testcase classname="org.opensha2.gmm.Ngaw2" name="test[2581: 13 3.0 sec spectral acceleration Idriss (2014)]" time="0.0" />

      <testcase classname="org.opensha2.gmm.Ngaw2" name="test[2582: 14 3.0 sec spectral acceleration Idriss (2014)]" time="0.0" />

      <testcase classname="org.opensha2.gmm.Ngaw2" name="test[2583: 15 3.0 sec spectral acceleration Idriss (2014)]" time="0.0" />

      <testcase classname="org.opensha2.gmm.Ngaw2" name="test[2584: 16 3.0 sec spectral acceleration Idriss (2014)]" time="0.001" />

      <testcase classname="org.opensha2.gmm.Ngaw2" name="test[2585: 17 3.0 sec spectral acceleration Idriss (2014)]" time="0.0" />

      <testcase classname="org.opensha2.gmm.Ngaw2" name="test[2586: 18 3.0 sec spectral acceleration Idriss (2014)]" time="0.0" />

      <testcase classname="org.opensha2.gmm.Ngaw2" name="test[2587: 19 3.0 sec spectral acceleration Idriss (2014)]" time="0.001" />

      <testcase classname="org.opensha2.gmm.Ngaw2" name="test[2588: 20 3.0 sec spectral acceleration Idriss (2014)]" time="0.0" />

      <testcase classname="org.opensha2.gmm.Ngaw2" name="test[2589: 21 3.0 sec spectral acceleration Idriss (2014)]" time="0.0" />

      <testcase classname="org.opensha2.gmm.Ngaw2" name="test[2590: 22 3.0 sec spectral acceleration Idriss (2014)]" time="0.0" />

      <testcase classname="org.opensha2.gmm.Ngaw2" name="test[2591: 23 3.0 sec spectral acceleration Idriss (2014)]" time="0.0" />

      <testcase classname="org.opensha2.gmm.Ngaw2" name="test[2592: 24 3.0 sec spectral acceleration Idriss (2014)]" time="0.0" />

      <testcase classname="org.opensha2.gmm.Ngaw2" name="test[2593: 25 3.0 sec spectral acceleration Idriss (2014)]" time="0.001" />

      <testcase classname="org.opensha2.gmm.Ngaw2" name="test[2594: 26 3.0 sec spectral acceleration Idriss (2014)]" time="0.0" />

      <testcase classname="org.opensha2.gmm.Ngaw2" name="test[2595: 27 3.0 sec spectral acceleration Idriss (2014)]" time="0.0" />

      <testcase classname="org.opensha2.gmm.Ngaw2" name="test[2596: 28 3.0 sec spectral acceleration Idriss (2014)]" time="0.001" />

      <testcase classname="org.opensha2.gmm.Ngaw2" name="test[2597: 29 3.0 sec spectral acceleration Idriss (2014)]" time="0.0" />

      <testcase classname="org.opensha2.gmm.Ngaw2" name="test[2598: 30 3.0 sec spectral acceleration Idriss (2014)]" time="0.0" />

      <testcase classname="org.opensha2.gmm.Ngaw2" name="test[2599: 31 3.0 sec spectral acceleration Idriss (2014)]" time="0.0" />

      <testcase classname="org.opensha2.gmm.Ngaw2" name="test[2600: 32 3.0 sec spectral acceleration Idriss (2014)]" time="0.0" />

      <testcase classname="org.opensha2.gmm.Ngaw2" name="test[2601: 33 3.0 sec spectral acceleration Idriss (2014)]" time="0.0" />

      <testcase classname="org.opensha2.gmm.Ngaw2" name="test[2602: 34 3.0 sec spectral acceleration Idriss (2014)]" time="0.0" />

      <testcase classname="org.opensha2.gmm.Ngaw2" name="test[2603: 35 3.0 sec spectral acceleration Idriss (2014)]" time="0.0" />

      <testcase classname="org.opensha2.gmm.Ngaw2" name="test[2604: 36 3.0 sec spectral acceleration Idriss (2014)]" time="0.0" />

      <testcase classname="org.opensha2.gmm.Ngaw2" name="test[2605: 37 3.0 sec spectral acceleration Idriss (2014)]" time="0.0" />

      <testcase classname="org.opensha2.gmm.Ngaw2" name="test[2606: 38 3.0 sec spectral acceleration Idriss (2014)]" time="0.0" />

      <testcase classname="org.opensha2.gmm.Ngaw2" name="test[2607: 39 3.0 sec spectral acceleration Idriss (2014)]" time="0.0" />

      <testcase classname="org.opensha2.gmm.Ngaw2" name="test[2608: 40 3.0 sec spectral acceleration Idriss (2014)]" time="0.0" />

      <testcase classname="org.opensha2.gmm.Ngaw2" name="test[2609: 41 3.0 sec spectral acceleration Idriss (2014)]" time="0.0" />

      <testcase classname="org.opensha2.gmm.Ngaw2" name="test[2610: 42 3.0 sec spectral acceleration Idriss (2014)]" time="0.0" />

      <testcase classname="org.opensha2.gmm.Ngaw2" name="test[2611: 43 3.0 sec spectral acceleration Idriss (2014)]" time="0.0" />

      <testcase classname="org.opensha2.gmm.Ngaw2" name="test[2612: 44 3.0 sec spectral acceleration Idriss (2014)]" time="0.0" />

      <testcase classname="org.opensha2.gmm.Ngaw2" name="test[2613: 45 3.0 sec spectral acceleration Idriss (2014)]" time="0.0" />

      <testcase classname="org.opensha2.gmm.Ngaw2" name="test[2614: 46 3.0 sec spectral acceleration Idriss (2014)]" time="0.0" />

      <testcase classname="org.opensha2.gmm.Ngaw2" name="test[2615: 47 3.0 sec spectral acceleration Idriss (2014)]" time="0.0" />

      <testcase classname="org.opensha2.gmm.Ngaw2" name="test[2616: 48 3.0 sec spectral acceleration Idriss (2014)]" time="0.0" />

      <testcase classname="org.opensha2.gmm.Ngaw2" name="test[2617: 49 3.0 sec spectral acceleration Idriss (2014)]" time="0.0" />

      <testcase classname="org.opensha2.gmm.Ngaw2" name="test[2618: 50 3.0 sec spectral acceleration Idriss (2014)]" time="0.0" />

      <testcase classname="org.opensha2.gmm.Ngaw2" name="test[2619: 51 3.0 sec spectral acceleration Idriss (2014)]" time="0.0" />

      <testcase classname="org.opensha2.gmm.Ngaw2" name="test[2620: 52 3.0 sec spectral acceleration Idriss (2014)]" time="0.0" />

      <testcase classname="org.opensha2.gmm.Ngaw2" name="test[2621: 53 3.0 sec spectral acceleration Idriss (2014)]" time="0.0" />

      <testcase classname="org.opensha2.gmm.Ngaw2" name="test[2622: 54 3.0 sec spectral acceleration Idriss (2014)]" time="0.0" />

      <testcase classname="org.opensha2.gmm.Ngaw2" name="test[2623: 55 3.0 sec spectral acceleration Idriss (2014)]" time="0.0" />

      <testcase classname="org.opensha2.gmm.Ngaw2" name="test[2624: 56 3.0 sec spectral acceleration Idriss (2014)]" time="0.0" />

      <testcase classname="org.opensha2.gmm.Ngaw2" name="test[2625: 57 3.0 sec spectral acceleration Idriss (2014)]" time="0.0" />

      <testcase classname="org.opensha2.gmm.Ngaw2" name="test[2626: 58 3.0 sec spectral acceleration Idriss (2014)]" time="0.0" />

      <testcase classname="org.opensha2.gmm.Ngaw2" name="test[2627: 59 3.0 sec spectral acceleration Idriss (2014)]" time="0.0" />

      <testcase classname="org.opensha2.gmm.Ngaw2" name="test[2628: 60 3.0 sec spectral acceleration Idriss (2014)]" time="0.0" />

      <testcase classname="org.opensha2.gmm.Ngaw2" name="test[2629: 61 3.0 sec spectral acceleration Idriss (2014)]" time="0.0" />

      <testcase classname="org.opensha2.gmm.Ngaw2" name="test[2630: 62 3.0 sec spectral acceleration Idriss (2014)]" time="0.0" />

      <testcase classname="org.opensha2.gmm.Ngaw2" name="test[2631: 63 3.0 sec spectral acceleration Idriss (2014)]" time="0.0" />

      <testcase classname="org.opensha2.gmm.Ngaw2" name="test[2632: 64 3.0 sec spectral acceleration Idriss (2014)]" time="0.0" />

      <testcase classname="org.opensha2.gmm.Ngaw2" name="test[2633: 65 3.0 sec spectral acceleration Idriss (2014)]" time="0.0" />

      <testcase classname="org.opensha2.gmm.Ngaw2" name="test[2634: 66 3.0 sec spectral acceleration Idriss (2014)]" time="0.0" />

      <testcase classname="org.opensha2.gmm.Ngaw2" name="test[2635: 67 3.0 sec spectral acceleration Idriss (2014)]" time="0.0" />

      <testcase classname="org.opensha2.gmm.Ngaw2" name="test[2636: 68 3.0 sec spectral acceleration Idriss (2014)]" time="0.0" />

      <testcase classname="org.opensha2.gmm.Ngaw2" name="test[2637: 69 3.0 sec spectral acceleration Idriss (2014)]" time="0.0" />

      <testcase classname="org.opensha2.gmm.Ngaw2" name="test[2638: 70 3.0 sec spectral acceleration Idriss (2014)]" time="0.0" />

      <testcase classname="org.opensha2.gmm.Ngaw2" name="test[2639: 71 3.0 sec spectral acceleration Idriss (2014)]" time="0.0" />

      <testcase classname="org.opensha2.gmm.Ngaw2" name="test[2640: 72 3.0 sec spectral acceleration Idriss (2014)]" time="0.0" />

      <testcase classname="org.opensha2.gmm.Ngaw2" name="test[2641: 73 3.0 sec spectral acceleration Idriss (2014)]" time="0.001" />

      <testcase classname="org.opensha2.gmm.Ngaw2" name="test[2642: 74 3.0 sec spectral acceleration Idriss (2014)]" time="0.0" />

      <testcase classname="org.opensha2.gmm.Ngaw2" name="test[2643: 75 3.0 sec spectral acceleration Idriss (2014)]" time="0.0" />

      <testcase classname="org.opensha2.gmm.Ngaw2" name="test[2644: 76 3.0 sec spectral acceleration Idriss (2014)]" time="0.0" />

      <testcase classname="org.opensha2.gmm.Ngaw2" name="test[2645: 77 3.0 sec spectral acceleration Idriss (2014)]" time="0.0" />

      <testcase classname="org.opensha2.gmm.Ngaw2" name="test[2646: 78 3.0 sec spectral acceleration Idriss (2014)]" time="0.0" />

      <testcase classname="org.opensha2.gmm.Ngaw2" name="test[2647: 79 3.0 sec spectral acceleration Idriss (2014)]" time="0.0" />

      <testcase classname="org.opensha2.gmm.Ngaw2" name="test[2648: 80 3.0 sec spectral acceleration Idriss (2014)]" time="0.0" />

      <testcase classname="org.opensha2.gmm.Ngaw2" name="test[2649: 81 3.0 sec spectral acceleration Idriss (2014)]" time="0.0" />

      <testcase classname="org.opensha2.gmm.Ngaw2" name="test[2650: 82 3.0 sec spectral acceleration Idriss (2014)]" time="0.0" />

      <testcase classname="org.opensha2.gmm.Ngaw2" name="test[2651: 83 3.0 sec spectral acceleration Idriss (2014)]" time="0.0" />

      <testcase classname="org.opensha2.gmm.Ngaw2" name="test[2652: 84 3.0 sec spectral acceleration Idriss (2014)]" time="0.0" />

      <testcase classname="org.opensha2.gmm.Ngaw2" name="test[2653: 85 3.0 sec spectral acceleration Idriss (2014)]" time="0.0" />

      <testcase classname="org.opensha2.gmm.Ngaw2" name="test[2654: 86 3.0 sec spectral acceleration Idriss (2014)]" time="0.0" />

      <testcase classname="org.opensha2.gmm.Ngaw2" name="test[2655: 87 3.0 sec spectral acceleration Idriss (2014)]" time="0.0" />

      <testcase classname="org.opensha2.gmm.Ngaw2" name="test[2656: 88 3.0 sec spectral acceleration Idriss (2014)]" time="0.0" />

      <testcase classname="org.opensha2.gmm.Ngaw2" name="test[2657: 89 3.0 sec spectral acceleration Idriss (2014)]" time="0.001" />

      <testcase classname="org.opensha2.gmm.Ngaw2" name="test[2658: 90 3.0 sec spectral acceleration Idriss (2014)]" time="0.0" />

      <testcase classname="org.opensha2.gmm.Ngaw2" name="test[2659: 91 3.0 sec spectral acceleration Idriss (2014)]" time="0.0" />

      <testcase classname="org.opensha2.gmm.Ngaw2" name="test[2660: 92 3.0 sec spectral acceleration Idriss (2014)]" time="0.0" />

      <testcase classname="org.opensha2.gmm.Ngaw2" name="test[2661: 93 3.0 sec spectral acceleration Idriss (2014)]" time="0.001" />

      <testcase classname="org.opensha2.gmm.Ngaw2" name="test[2662: 94 3.0 sec spectral acceleration Idriss (2014)]" time="0.0" />

      <testcase classname="org.opensha2.gmm.Ngaw2" name="test[2663: 95 3.0 sec spectral acceleration Idriss (2014)]" time="0.0" />

      <testcase classname="org.opensha2.gmm.Ngaw2" name="test[2664: 96 3.0 sec spectral acceleration Idriss (2014)]" time="0.0" />

      <testcase classname="org.opensha2.gmm.Ngaw2" name="test[2665: 97 3.0 sec spectral acceleration Idriss (2014)]" time="0.001" />

      <testcase classname="org.opensha2.gmm.Ngaw2" name="test[2666: 98 3.0 sec spectral acceleration Idriss (2014)]" time="0.0" />

      <testcase classname="org.opensha2.gmm.Ngaw2" name="test[2667: 99 3.0 sec spectral acceleration Idriss (2014)]" time="0.0" />

      <testcase classname="org.opensha2.gmm.Ngaw2" name="test[2668: 100 3.0 sec spectral acceleration Idriss (2014)]" time="0.0" />

      <testcase classname="org.opensha2.gmm.Ngaw2" name="test[2669: 101 3.0 sec spectral acceleration Idriss (2014)]" time="0.0" />

      <testcase classname="org.opensha2.gmm.Ngaw2" name="test[2670: 102 3.0 sec spectral acceleration Idriss (2014)]" time="0.0" />

      <testcase classname="org.opensha2.gmm.Ngaw2" name="test[2671: 103 3.0 sec spectral acceleration Idriss (2014)]" time="0.0" />

      <testcase classname="org.opensha2.gmm.Ngaw2" name="test[2672: 104 3.0 sec spectral acceleration Idriss (2014)]" time="0.0" />

      <testcase classname="org.opensha2.gmm.Ngaw2" name="test[2673: 105 3.0 sec spectral acceleration Idriss (2014)]" time="0.0" />

      <testcase classname="org.opensha2.gmm.Ngaw2" name="test[2674: 106 3.0 sec spectral acceleration Idriss (2014)]" time="0.0" />

      <system-out><![CDATA[]]></system-out>

      <system-err><![CDATA[]]></system-err>

  </testsuite>
</testsuites>
